"../../../../../../Users/LaiLaisGaming/Documents/Unreal Projects/WarehouseWreckage423/Content/MyContent/T_MacroVariation.uasset" 0
"../../../../../../Users/LaiLaisGaming/Documents/Unreal Projects/WarehouseWreckage423/Content/MyContent/T_Tech_Hex_Tile_M.uasset" 1
"../../../../../../Users/LaiLaisGaming/Documents/Unreal Projects/WarehouseWreckage423/Content/MyContent/T_Tech_Hex_Tile_N.uasset" 2
"../../../../../../Users/LaiLaisGaming/Documents/Unreal Projects/WarehouseWreckage423/Content/MyContent/M_Tech_Hex_Tile_Pulse.uasset" 3
"../../../Engine/Content/Functions/Engine_MaterialFunctions01/Opacity/CameraDepthFade.uasset" 4
"../../../Engine/Content/EngineMaterials/T_Default_Material_Grid_M.uasset" 5
"../../../Engine/Content/EngineMaterials/T_Default_Material_Grid_N.uasset" 6
"../../../Engine/Content/EngineMaterials/WorldGridMaterial.uasset" 7
"../../../Engine/Content/BasicShapes/Plane.uasset" 8
"../../../../../../Users/LaiLaisGaming/Documents/Unreal Projects/WarehouseWreckage423/Content/MyContent/Blueprints/BP_Panel.uasset" 9
"../../../../../../Users/LaiLaisGaming/Documents/Unreal Projects/WarehouseWreckage423/Content/BP_Panel.uasset" 10
"../../../../../../Users/LaiLaisGaming/Documents/Unreal Projects/WarehouseWreckage423/Content/MyContent/M_Basic_FloorBlack.uasset" 11
"../../../../../../Users/LaiLaisGaming/Documents/Unreal Projects/WarehouseWreckage423/Content/MyContent/M_Glass.uasset" 12
"../../../Engine/Content/BasicShapes/BasicShapeMaterial.uasset" 13
"../../../../../../Users/LaiLaisGaming/Documents/Unreal Projects/WarehouseWreckage423/Content/MyContent/Blueprints/BP_Blind.uasset" 14
"../../../../../../Users/LaiLaisGaming/Documents/Unreal Projects/WarehouseWreckage423/Content/MyContent/M_Basic_Floor.uasset" 15
"../../../../../../Users/LaiLaisGaming/Documents/Unreal Projects/WarehouseWreckage423/Content/StarterContent/Architecture/Floor_400x400.uasset" 16
"../../../../../../Users/LaiLaisGaming/Documents/Unreal Projects/WarehouseWreckage423/Content/MyContent/M_Basic_Wall.uasset" 17
"../../../../../../Users/LaiLaisGaming/Documents/Unreal Projects/WarehouseWreckage423/Content/StarterContent/Architecture/Pillar_50x500.uasset" 18
"../../../../../../Users/LaiLaisGaming/Documents/Unreal Projects/WarehouseWreckage423/Content/MyContent/M_AssetPlatform.uasset" 19
"../../../../../../Users/LaiLaisGaming/Documents/Unreal Projects/WarehouseWreckage423/Content/StarterContent/Architecture/SM_AssetPlatform.uasset" 20
"../../../../../../Users/LaiLaisGaming/Documents/Unreal Projects/WarehouseWreckage423/Content/StarterContent/Architecture/Wall_400x200.uasset" 21
"../../../../../../Users/LaiLaisGaming/Documents/Unreal Projects/WarehouseWreckage423/Content/StarterContent/Architecture/Wall_400x300.uasset" 22
"../../../../../../Users/LaiLaisGaming/Documents/Unreal Projects/WarehouseWreckage423/Content/StarterContent/Architecture/Wall_400x400.uasset" 23
"../../../../../../Users/LaiLaisGaming/Documents/Unreal Projects/WarehouseWreckage423/Content/StarterContent/Architecture/Wall_500x500.uasset" 24
"../../../../../../Users/LaiLaisGaming/Documents/Unreal Projects/WarehouseWreckage423/Content/StarterContent/Architecture/Wall_Door_400x300.uasset" 25
"../../../../../../Users/LaiLaisGaming/Documents/Unreal Projects/WarehouseWreckage423/Content/StarterContent/Architecture/Wall_Door_400x400.uasset" 26
"../../../../../../Users/LaiLaisGaming/Documents/Unreal Projects/WarehouseWreckage423/Content/StarterContent/Architecture/Wall_Window_400x300.uasset" 27
"../../../../../../Users/LaiLaisGaming/Documents/Unreal Projects/WarehouseWreckage423/Content/StarterContent/Architecture/Wall_Window_400x400.uasset" 28
"../../../../../../Users/LaiLaisGaming/Documents/Unreal Projects/WarehouseWreckage423/Content/StarterContent/Audio/Collapse01.uasset" 29
"../../../../../../Users/LaiLaisGaming/Documents/Unreal Projects/WarehouseWreckage423/Content/StarterContent/Audio/Collapse02.uasset" 30
"../../../../../../Users/LaiLaisGaming/Documents/Unreal Projects/WarehouseWreckage423/Content/StarterContent/Audio/Collapse_Cue.uasset" 31
"../../../../../../Users/LaiLaisGaming/Documents/Unreal Projects/WarehouseWreckage423/Content/StarterContent/Audio/Explosion01.uasset" 32
"../../../../../../Users/LaiLaisGaming/Documents/Unreal Projects/WarehouseWreckage423/Content/StarterContent/Audio/Explosion02.uasset" 33
"../../../../../../Users/LaiLaisGaming/Documents/Unreal Projects/WarehouseWreckage423/Content/StarterContent/Audio/Explosion_Cue.uasset" 34
"../../../../../../Users/LaiLaisGaming/Documents/Unreal Projects/WarehouseWreckage423/Content/StarterContent/Audio/Fire01.uasset" 35
"../../../../../../Users/LaiLaisGaming/Documents/Unreal Projects/WarehouseWreckage423/Content/StarterContent/Audio/Fire01_Cue.uasset" 36
"../../../../../../Users/LaiLaisGaming/Documents/Unreal Projects/WarehouseWreckage423/Content/StarterContent/Audio/Fire_Sparks01.uasset" 37
"../../../../../../Users/LaiLaisGaming/Documents/Unreal Projects/WarehouseWreckage423/Content/StarterContent/Audio/Fire_Sparks01_Cue.uasset" 38
"../../../../../../Users/LaiLaisGaming/Documents/Unreal Projects/WarehouseWreckage423/Content/StarterContent/Audio/Light01.uasset" 39
"../../../../../../Users/LaiLaisGaming/Documents/Unreal Projects/WarehouseWreckage423/Content/StarterContent/Audio/Light01_Cue.uasset" 40
"../../../../../../Users/LaiLaisGaming/Documents/Unreal Projects/WarehouseWreckage423/Content/StarterContent/Audio/Light02.uasset" 41
"../../../../../../Users/LaiLaisGaming/Documents/Unreal Projects/WarehouseWreckage423/Content/StarterContent/Audio/Light02_Cue.uasset" 42
"../../../../../../Users/LaiLaisGaming/Documents/Unreal Projects/WarehouseWreckage423/Content/StarterContent/Audio/Smoke01.uasset" 43
"../../../../../../Users/LaiLaisGaming/Documents/Unreal Projects/WarehouseWreckage423/Content/StarterContent/Audio/Smoke01_Cue.uasset" 44
"../../../../../../Users/LaiLaisGaming/Documents/Unreal Projects/WarehouseWreckage423/Content/StarterContent/Audio/Starter_Background_Cue.uasset" 45
"../../../../../../Users/LaiLaisGaming/Documents/Unreal Projects/WarehouseWreckage423/Content/StarterContent/Audio/Starter_Birds01.uasset" 46
"../../../../../../Users/LaiLaisGaming/Documents/Unreal Projects/WarehouseWreckage423/Content/StarterContent/Audio/Starter_Music01.uasset" 47
"../../../../../../Users/LaiLaisGaming/Documents/Unreal Projects/WarehouseWreckage423/Content/StarterContent/Audio/Starter_Music_Cue.uasset" 48
"../../../../../../Users/LaiLaisGaming/Documents/Unreal Projects/WarehouseWreckage423/Content/StarterContent/Audio/Starter_Wind05.uasset" 49
"../../../../../../Users/LaiLaisGaming/Documents/Unreal Projects/WarehouseWreckage423/Content/StarterContent/Audio/Starter_Wind06.uasset" 50
"../../../../../../Users/LaiLaisGaming/Documents/Unreal Projects/WarehouseWreckage423/Content/StarterContent/Audio/Steam01.uasset" 51
"../../../../../../Users/LaiLaisGaming/Documents/Unreal Projects/WarehouseWreckage423/Content/StarterContent/Audio/Steam01_Cue.uasset" 52
"../../../Engine/Content/Animation/DefaultAnimCurveCompressionSettings.uasset" 53
"../../../Engine/Content/ArtTools/RenderToTexture/Meshes/S_1_Unit_Plane.uasset" 54
"../../../Engine/Content/EngineMaterials/DefaultMaterial.uasset" 55
"../../../Engine/Content/BasicShapes/Cone.uasset" 56
"../../../Engine/Content/BasicShapes/Cube.uasset" 57
"../../../Engine/Content/BasicShapes/Cylinder.uasset" 58
"../../../Engine/Content/EditorLandscapeResources/DataLayer.uasset" 59
"../../../Engine/Content/EditorMaterials/GizmoMaterial.uasset" 60
"../../../Engine/Content/EditorMaterials/MAT_Groups_Toggle.uasset" 61
"../../../Engine/Content/EditorMaterials/MAT_Groups_Visibility.uasset" 62
"../../../Engine/Content/EditorMaterials/PreviewShadowIndicator.uasset" 63
"../../../Engine/Content/EditorMaterials/PreviewShadowIndicatorMaterial.uasset" 64
"../../../Engine/Content/EditorMaterials/MatineeGroups/MAT_ColorTrack.uasset" 65
"../../../Engine/Content/EditorMaterials/MatineeGroups/MAT_Groups_Anim.uasset" 66
"../../../Engine/Content/EditorMaterials/MatineeGroups/MAT_Groups_AudioMaster.uasset" 67
"../../../Engine/Content/EditorMaterials/MatineeGroups/MAT_Groups_Director.uasset" 68
"../../../Engine/Content/EditorMaterials/MatineeGroups/MAT_Groups_Event.uasset" 69
"../../../Engine/Content/EditorMaterials/MatineeGroups/MAT_Groups_Fade.uasset" 70
"../../../Engine/Content/EditorMaterials/MatineeGroups/MAT_Groups_Float.uasset" 71
"../../../Engine/Content/EditorMaterials/MatineeGroups/MAT_Groups_Move.uasset" 72
"../../../Engine/Content/EditorMaterials/MatineeGroups/MAT_Groups_Slomo.uasset" 73
"../../../Engine/Content/EditorMaterials/MatineeGroups/MAT_Groups_Sound.uasset" 74
"../../../Engine/Content/EditorMaterials/MatineeGroups/MAT_Groups_Vector.uasset" 75
"../../../Engine/Content/EditorMaterials/ParticleSystems/PSysThumbnail_NoImage.uasset" 76
"../../../Engine/Content/EditorMaterials/ParticleSystems/PSysThumbnail_OOD.uasset" 77
"../../../Engine/Content/EditorMaterials/Camera/CineMat.uasset" 78
"../../../Engine/Content/EditorMaterials/Camera/MI_CineMat_Rig.uasset" 79
"../../../Engine/Content/EditorMeshes/Camera/SM_CraneRig_Arm.uasset" 80
"../../../Engine/Content/EditorMeshes/Camera/SM_CraneRig_Base.uasset" 81
"../../../Engine/Content/EditorMeshes/Camera/SM_CraneRig_Body.uasset" 82
"../../../Engine/Content/EditorMeshes/Camera/SM_CraneRig_Mount.uasset" 83
"../../../Engine/Content/EditorMeshes/Camera/SM_RailRig_Mount.uasset" 84
"../../../Engine/Content/EditorMeshes/Camera/SM_RailRig_Track.uasset" 85
"../../../Engine/Content/EditorResources/BSPVertex.uasset" 86
"../../../Engine/Content/EditorResources/EmptyActor.uasset" 87
"../../../Engine/Content/EditorResources/S_Actor.uasset" 88
"../../../Engine/Content/EditorResources/S_Note.uasset" 89
"../../../Engine/Content/EditorResources/S_Solver.uasset" 90
"../../../Engine/Content/EditorResources/S_Trigger.uasset" 91
"../../../Engine/Content/EditorResources/LightIcons/S_LightError.uasset" 92
"../../../Engine/Content/EditorResources/SequenceRecorder/Countdown.uasset" 93
"../../../Engine/Content/EditorResources/SequenceRecorder/RecordingIndicator.uasset" 94
"../../../Engine/Content/EditorSounds/Notifications/CompileFailed.uasset" 95
"../../../Engine/Content/EditorSounds/Notifications/CompileFailed_Cue.uasset" 96
"../../../Engine/Content/EditorSounds/Notifications/CompileSuccess.uasset" 97
"../../../Engine/Content/EditorSounds/Notifications/CompileStart_Cue.uasset" 98
"../../../Engine/Content/EditorSounds/Notifications/CompileSuccess_Cue.uasset" 99
"../../../Engine/Content/EngineDamageTypes/DmgTypeBP_Environmental.uasset" 100
"../../../Engine/Content/EngineDebugMaterials/HeatmapGradient.uasset" 101
"../../../Engine/Content/EngineDebugMaterials/BoneWeightMaterial.uasset" 102
"../../../Engine/Content/EngineDebugMaterials/ClothMaterial.uasset" 103
"../../../Engine/Content/EngineDebugMaterials/ClothMaterial_WF.uasset" 104
"../../../Engine/Content/EngineDebugMaterials/DebugEditorMaterial.uasset" 105
"../../../Engine/Content/EngineDebugMaterials/DebugMeshMaterial.uasset" 106
"../../../Engine/Content/EngineDebugMaterials/GeomMaterial.uasset" 107
"../../../Engine/Content/EngineDebugMaterials/M_SimpleTranslucent.uasset" 108
"../../../Engine/Content/Functions/Engine_MaterialFunctions02/Utility/CameraDirectionVector.uasset" 109
"../../../Engine/Content/EngineDebugMaterials/VolumeToRender.uasset" 110
"../../../Engine/Content/EngineDebugMaterials/M_VolumeRenderSphereTracePP.uasset" 111
"../../../Engine/Content/EngineDebugMaterials/WireframeMaterial.uasset" 112
"../../../Engine/Content/EngineFonts/Faces/RobotoBold.uasset" 113
"../../../Engine/Content/EngineFonts/Faces/RobotoBoldItalic.uasset" 114
"../../../Engine/Content/EngineFonts/Faces/RobotoItalic.uasset" 115
"../../../Engine/Content/EngineFonts/Faces/RobotoLight.uasset" 116
"../../../Engine/Content/EngineFonts/Faces/RobotoRegular.uasset" 117
"../../../Engine/Content/EngineFonts/Roboto.uasset" 118
"../../../Engine/Content/EngineMaterials/BaseFlattenDiffuseMap.uasset" 119
"../../../Engine/Content/EngineMaterials/BaseFlattenEmissiveMap.uasset" 120
"../../../Engine/Content/EngineMaterials/BaseFlattenGrayscaleMap.uasset" 121
"../../../Engine/Content/EngineMaterials/BaseFlattenNormalMap.uasset" 122
"../../../Engine/Content/EngineMaterials/BaseFlattenMaterial.uasset" 123
"../../../Engine/Content/EngineMaterials/BlueNoise.uasset" 124
"../../../Engine/Content/EngineMaterials/DefaultBloomKernel.uasset" 125
"../../../Engine/Content/EngineMaterials/DefaultBokeh.uasset" 126
"../../../Engine/Content/EngineMaterials/DefaultDiffuse.uasset" 127
"../../../Engine/Content/EngineMaterials/DefaultDeferredDecalMaterial.uasset" 128
"../../../Engine/Content/EngineMaterials/DefaultLightFunctionMaterial.uasset" 129
"../../../Engine/Content/EngineMaterials/DefaultPhysicalMaterial.uasset" 130
"../../../Engine/Content/Functions/Engine_MaterialFunctions02/Utility/BreakOutFloat2Components.uasset" 131
"../../../Engine/Content/EngineMaterials/DefaultPostProcessMaterial.uasset" 132
"../../../Engine/Content/EngineFonts/RobotoDistanceField.uasset" 133
"../../../Engine/Content/EngineMaterials/DefaultTextMaterialOpaque.uasset" 134
"../../../Engine/Content/EngineMaterials/DefaultVirtualTextureMaterial.uasset" 135
"../../../Engine/Content/EngineMaterials/DefaultWhiteGrid.uasset" 136
"../../../Engine/Content/EngineMaterials/EditorBrushMaterial.uasset" 137
"../../../Engine/Content/EngineMaterials/DefaultWhiteGrid_Low.uasset" 138
"../../../Engine/Content/EngineMaterials/EmissiveMeshMaterial.uasset" 139
"../../../Engine/Content/EngineMaterials/Good64x64TilingNoiseHighFreq.uasset" 140
"../../../Engine/Content/EngineMaterials/MiniFont.uasset" 141
"../../../Engine/Content/EngineMaterials/InvalidLightmapSettings.uasset" 142
"../../../Engine/Content/EngineMaterials/M_InvalidLightmapSettings.uasset" 143
"../../../Engine/Content/Functions/Engine_MaterialFunctions02/WorldPositionOffset/CameraOffset.uasset" 144
"../../../Engine/Content/EngineMaterials/PhAT_JointLimitMaterial.uasset" 145
"../../../Engine/Content/EngineMaterials/PreintegratedSkinBRDF.uasset" 146
"../../../Engine/Content/EngineMaterials/RemoveSurfaceMaterial.uasset" 147
"../../../Engine/Content/EngineMaterials/WeightMapPlaceholderTexture.uasset" 148
"../../../Engine/Content/EngineResources/WhiteSquareTexture.uasset" 149
"../../../Engine/Content/EngineMaterials/Widget3DPassThrough.uasset" 150
"../../../Engine/Content/EngineMaterials/Widget3DPassThrough_Masked.uasset" 151
"../../../Engine/Content/EngineMaterials/Widget3DPassThrough_Opaque.uasset" 152
"../../../Engine/Content/EngineMaterials/Widget3DPassThrough_Masked_OneSided.uasset" 153
"../../../Engine/Content/EngineMaterials/Widget3DPassThrough_Opaque_OneSided.uasset" 154
"../../../Engine/Content/EngineMaterials/Widget3DPassThrough_Translucent.uasset" 155
"../../../Engine/Content/EngineMaterials/Widget3DPassThrough_Translucent_OneSided.uasset" 156
"../../../Engine/Content/EngineMeshes/Cylinder.uasset" 157
"../../../Engine/Content/EngineMeshes/Sphere.uasset" 158
"../../../Engine/Content/EngineResources/Black.uasset" 159
"../../../Engine/Content/EngineResources/DefaultTexture.uasset" 160
"../../../Engine/Content/EngineResources/DefaultTextureCube.uasset" 161
"../../../Engine/Content/EngineResources/DefaultVolumeTexture2D.uasset" 162
"../../../Engine/Content/EngineResources/DefaultVolumeTexture.uasset" 163
"../../../Engine/Content/EngineResources/GradientTexture0.uasset" 164
"../../../Engine/Content/EngineSounds/Master.uasset" 165
"../../../Engine/Content/Functions/Engine_MaterialFunctions01/Shading/ConvertFromDiffSpec.uasset" 166
"../../../Engine/Content/Functions/Engine_MaterialFunctions01/Shading/PowerToRoughness.uasset" 167
"../../../Engine/Content/Maps/Templates/Thumbnails/Default.uasset" 168
"../../../Engine/Content/Maps/Templates/Thumbnails/VR-Basic.uasset" 169
"../../../Engine/Content/MobileResources/T_MobileControls_texture.uasset" 170
"../../../Engine/Content/MobileResources/T_MobileMenu2.uasset" 171
"../../../Engine/Content/MobileResources/HUD/AnalogHat.uasset" 172
"../../../Engine/Content/MobileResources/HUD/VirtualJoystick_Background.uasset" 173
"../../../Engine/Content/MobileResources/HUD/VirtualJoystick_Thumb.uasset" 174
"../../../Engine/Content/MobileResources/HUD/DefaultVirtualJoysticks.uasset" 175
"../../../Engine/Content/MobileResources/HUD/LeftVirtualJoystickOnly.uasset" 176
"../../../Engine/Content/MobileResources/HUD/MobileHUDButton1_off.uasset" 177
"../../../Engine/Content/MobileResources/HUD/MobileHUDButton1_on.uasset" 178
"../../../Engine/Content/MobileResources/HUD/MobileHUDButton2_off.uasset" 179
"../../../Engine/Content/MobileResources/HUD/MobileHUDButton2_on.uasset" 180
"../../../Engine/Content/MobileResources/HUD/MobileHUDButton3.uasset" 181
"../../../Engine/Content/MobileResources/HUD/MobileHUDButtonFire.uasset" 182
"../../../Engine/Content/MobileResources/HUD/MobileHUDDirectionPad.uasset" 183
"../../../Engine/Content/MobileResources/HUD/MobileHUDDirectionPad2.uasset" 184
"../../../Engine/Content/MobileResources/HUD/MobileHUDDirectionPad3.uasset" 185
"../../../Engine/Content/MobileResources/HUD/MobileHUDDirectionStick.uasset" 186
"../../../Engine/Content/MobileResources/HUD/T_Castle_ThumbstickInner.uasset" 187
"../../../Engine/Content/MobileResources/HUD/T_Castle_ThumbstickOutter.uasset" 188
"../../../Engine/Content/Tutorial/ContentIntroCurve.uasset" 189
"../../../Engine/Content/Tutorial/Basics/LevelEditorAttract.uasset" 190
"../../../Engine/Content/VREditor/LaserPointer/VR_LaserPower_01.uasset" 191
"../../../Engine/Content/VREditor/TransformGizmo/TransformGizmoMaterial.uasset" 192
"../../../Engine/Content/VREditor/TransformGizmo/TranslucentTransformGizmoMaterial.uasset" 193
"../../../Engine/Content/VREditor/TransformGizmo/BoundingBoxCorner.uasset" 194
"../../../Engine/Content/VREditor/TransformGizmo/BoundingBoxEdge.uasset" 195
"../../../Engine/Content/VREditor/TransformGizmo/PlaneTranslationHandle.uasset" 196
"../../../Engine/Content/VREditor/TransformGizmo/Main.uasset" 197
"../../../Engine/Content/VREditor/TransformGizmo/Xray.uasset" 198
"../../../Engine/Content/VREditor/TransformGizmo/SM_Sequencer_Key.uasset" 199
"../../../Engine/Content/VREditor/TransformGizmo/SM_Sequencer_Node.uasset" 200
"../../Plugins/2D/Paper2D/Content/PlaceholderTextures/DummySpriteTexture.uasset" 201
"../../Plugins/2D/Paper2D/Content/DummySprite.uasset" 202
"../../Plugins/2D/Paper2D/Content/DefaultPaperTerrainMaterial.uasset" 203
"../../Plugins/2D/Paper2D/Content/DummySpriteTexture.uasset" 204
"../../Plugins/2D/Paper2D/Content/DefaultSpriteMaterial.uasset" 205
"../../Plugins/2D/Paper2D/Content/MaskedUnlitSpriteMaterial.uasset" 206
"../../Plugins/2D/Paper2D/Content/OpaqueUnlitSpriteMaterial.uasset" 207
"../../Plugins/Runtime/Oculus/OculusVR/Content/OculusMR_RenderTarget.uasset" 208
"../../../Engine/Content/Functions/Engine_MaterialFunctions02/Utility/BreakOutFloat4Components.uasset" 209
"../../../Engine/Content/Functions/Engine_MaterialFunctions02/Utility/MakeFloat2.uasset" 210
"../../../Engine/Content/Functions/Engine_MaterialFunctions02/Utility/MakeFloat3.uasset" 211
"../../Plugins/Runtime/Oculus/OculusVR/Content/Materials/OculusMR_ChromaKey.uasset" 212
"../../Plugins/Runtime/Oculus/OculusVR/Content/Materials/OculusMR_ChromaKey_Lit.uasset" 213
"../../Plugins/Runtime/Oculus/OculusVR/Content/Materials/OculusMR_OpaqueColoredMaterial.uasset" 214
"../../Plugins/Runtime/Oculus/OculusVR/Content/Materials/OculusMR_WhiteMaterial.uasset" 215
"../../../Engine/Content/EditorBlueprintResources/StandardMacros.uasset" 216
"../../../Engine/Content/EngineSky/C_Sky_Cloud_Color.uasset" 217
"../../../Engine/Content/EngineSky/C_Sky_Horizon_Color.uasset" 218
"../../../Engine/Content/EngineSky/C_Sky_Zenith_Color.uasset" 219
"../../../Engine/Content/EngineSky/T_Sky_Blue.uasset" 220
"../../../Engine/Content/EngineSky/T_Sky_Clouds_M.uasset" 221
"../../../Engine/Content/EngineSky/T_Sky_Stars.uasset" 222
"../../../Engine/Content/EngineSky/M_Sky_Panning_Clouds2.uasset" 223
"../../../Engine/Content/EngineSky/SM_SkySphere.uasset" 224
"../../../Engine/Content/EngineSky/BP_Sky_Sphere.uasset" 225
"../../../../../../Users/LaiLaisGaming/Documents/Unreal Projects/WarehouseWreckage423/Content/MyContent/M_Projectile.uasset" 226
"../../../Engine/Content/BasicShapes/Sphere.uasset" 227
"../../../../../../Users/LaiLaisGaming/Documents/Unreal Projects/WarehouseWreckage423/Content/MyContent/Blueprints/BP_Projectile.uasset" 228
"../../../../../../Users/LaiLaisGaming/Documents/Unreal Projects/WarehouseWreckage423/Content/MyContent/Maps/Main_BuiltData.uasset" 229
"../../../../../../Users/LaiLaisGaming/Documents/Unreal Projects/WarehouseWreckage423/Content/MyContent/Maps/Main.umap" 230
"../../../Engine/Content/Maps/Entry_BuiltData.uasset" 231
"../../../Engine/Content/Maps/Entry.umap" 232
