Log file open, 01/16/25 17:47:44
LogWindows: Failed to load 'aqProf.dll' (GetLastError=126)
LogWindows: File 'aqProf.dll' does not exist
LogWindows: Failed to load 'VtuneApi.dll' (GetLastError=126)
LogWindows: File 'VtuneApi.dll' does not exist
LogWindows: Failed to load 'VtuneApi32e.dll' (GetLastError=126)
LogWindows: File 'VtuneApi32e.dll' does not exist
LogConsoleResponse: Display: Failed to find resolution value strings in scalability ini. Falling back to default.
LogInit: Display: Running engine for game: WarehouseWreckage423
LogPlatformFile: Not using cached read wrapper
LogTaskGraph: Started task graph with 5 named threads and 71 total threads with 3 sets of task threads.
LogStats: Stats thread started at 0.325679
LogD3D11RHI: Loaded GFSDK_Aftermath_Lib.x64.dll
LogICUInternationalization: ICU TimeZone Detection - Raw Offset: -8:00, Platform Override: ''
LogPluginManager: Mounting plugin Paper2D
LogPluginManager: Mounting plugin AISupport
LogPluginManager: Mounting plugin LightPropagationVolume
LogPluginManager: Mounting plugin ActorLayerUtilities
LogPluginManager: Mounting plugin AnimationSharing
LogPluginManager: Mounting plugin CLionSourceCodeAccess
LogPluginManager: Mounting plugin CodeLiteSourceCodeAccess
LogPluginManager: Mounting plugin GitSourceControl
LogPluginManager: Mounting plugin KDevelopSourceCodeAccess
LogPluginManager: Mounting plugin NullSourceCodeAccess
LogPluginManager: Mounting plugin PerforceSourceControl
LogPluginManager: Mounting plugin SubversionSourceControl
LogPluginManager: Mounting plugin UObjectPlugin
LogPluginManager: Mounting plugin VisualStudioCodeSourceCodeAccess
LogPluginManager: Mounting plugin VisualStudioSourceCodeAccess
LogPluginManager: Mounting plugin XCodeSourceCodeAccess
LogPluginManager: Mounting plugin AssetManagerEditor
LogPluginManager: Mounting plugin CryptoKeys
LogPluginManager: Mounting plugin CurveEditorTools
LogPluginManager: Mounting plugin DataValidation
LogPluginManager: Mounting plugin FacialAnimation
LogPluginManager: Mounting plugin GameplayTagsEditor
LogPluginManager: Mounting plugin MacGraphicsSwitching
LogPluginManager: Mounting plugin MaterialAnalyzer
LogPluginManager: Mounting plugin MobileLauncherProfileWizard
LogPluginManager: Mounting plugin PluginBrowser
LogPluginManager: Mounting plugin SpeedTreeImporter
LogPluginManager: Mounting plugin DatasmithContent
LogPluginManager: Mounting plugin VariantManagerContent
LogPluginManager: Mounting plugin AlembicImporter
LogPluginManager: Mounting plugin AutomationUtils
LogPluginManager: Mounting plugin BackChannel
LogPluginManager: Mounting plugin CharacterAI
LogPluginManager: Mounting plugin GeometryCache
LogPluginManager: Mounting plugin HTML5Networking
LogPluginManager: Mounting plugin PlatformCrypto
LogPluginManager: Mounting plugin ProxyLODPlugin
LogPluginManager: Mounting plugin SkeletalReduction
LogPluginManager: Mounting plugin MagicLeap
LogPluginManager: Mounting plugin MagicLeapMedia
LogPluginManager: Mounting plugin AndroidMedia
LogPluginManager: Mounting plugin AvfMedia
LogPluginManager: Mounting plugin ImgMedia
LogPluginManager: Mounting plugin MediaCompositing
LogPluginManager: Mounting plugin MediaPlayerEditor
LogPluginManager: Mounting plugin WebMMedia
LogPluginManager: Mounting plugin WmfMedia
LogPluginManager: Mounting plugin TcpMessaging
LogPluginManager: Mounting plugin UdpMessaging
LogPluginManager: Mounting plugin ActorSequence
LogPluginManager: Mounting plugin LevelSequenceEditor
LogPluginManager: Mounting plugin MatineeToLevelSequence
LogPluginManager: Mounting plugin NetcodeUnitTest
LogPluginManager: Mounting plugin NUTUnrealEngine4
LogPluginManager: Mounting plugin OnlineSubsystemGooglePlay
LogPluginManager: Mounting plugin OnlineSubsystemIOS
LogPluginManager: Mounting plugin OnlineSubsystem
LogPluginManager: Mounting plugin OnlineSubsystemNull
LogPluginManager: Mounting plugin OnlineSubsystemUtils
LogPluginManager: Mounting plugin LauncherChunkInstaller
LogPluginManager: Mounting plugin AndroidDeviceProfileSelector
LogPluginManager: Mounting plugin AndroidMoviePlayer
LogPluginManager: Mounting plugin AndroidPermission
LogPluginManager: Mounting plugin AppleImageUtils
LogPluginManager: Mounting plugin AppleMoviePlayer
LogPluginManager: Mounting plugin ArchVisCharacter
LogPluginManager: Mounting plugin AudioCapture
LogPluginManager: Mounting plugin CableComponent
LogPluginManager: Mounting plugin CustomMeshComponent
LogPluginManager: Mounting plugin EditableMesh
LogPluginManager: Mounting plugin ExampleDeviceProfileSelector
LogPluginManager: Mounting plugin GoogleCloudMessaging
LogPluginManager: Mounting plugin IOSDeviceProfileSelector
LogPluginManager: Mounting plugin LinuxDeviceProfileSelector
LogPluginManager: Mounting plugin LocationServicesBPLibrary
LogPluginManager: Mounting plugin MobilePatchingUtils
LogPluginManager: Mounting plugin OculusVR
LogPluginManager: Mounting plugin PhysXVehicles
LogPluginManager: Mounting plugin ProceduralMeshComponent
LogPluginManager: Mounting plugin RuntimePhysXCooking
LogPluginManager: Mounting plugin SignificanceManager
LogPluginManager: Mounting plugin SteamVR
LogPluginManager: Mounting plugin WebMMoviePlayer
LogPluginManager: Mounting plugin WindowsMoviePlayer
LogPluginManager: Mounting plugin ScreenshotTools
LogInit: Using libcurl 7.55.1-DEV
LogInit:  - built for x86_64-pc-win32
LogInit:  - supports SSL with OpenSSL/1.1.1
LogInit:  - supports HTTP deflate (compression) using libz 1.2.8
LogInit:  - other features:
LogInit:      CURL_VERSION_SSL
LogInit:      CURL_VERSION_LIBZ
LogInit:      CURL_VERSION_IPV6
LogInit:      CURL_VERSION_ASYNCHDNS
LogInit:      CURL_VERSION_LARGEFILE
LogInit:      CURL_VERSION_IDN
LogInit:  CurlRequestOptions (configurable via config and command line):
LogInit:  - bVerifyPeer = true  - Libcurl will verify peer certificate
LogInit:  - bUseHttpProxy = false  - Libcurl will NOT use HTTP proxy
LogInit:  - bDontReuseConnections = false  - Libcurl will reuse connections
LogInit:  - MaxHostConnections = 16  - Libcurl will limit the number of connections to a host
LogInit:  - LocalHostAddr = Default
LogInit:  - BufferSize = 65536
LogOnline: OSS: Creating online subsystem instance for: NULL
LogInit: WinSock: version 1.1 (2.2), MaxSocks=32767, MaxUdp=65467
LogInit: Build: ++UE4+Release-4.23-CL-9631420
LogInit: Engine Version: 4.23.1-9631420+++UE4+Release-4.23
LogInit: Compatible Engine Version: 4.23.0-8386587+++UE4+Release-4.23
LogInit: Net CL: 8386587
LogInit: OS: Windows 10 (Release 2009) (), CPU: AMD Ryzen 9 7900X 12-Core Processor            , GPU: AMD Radeon RX 7800 XT
LogInit: Compiled (64-bit): Oct 18 2019 02:07:44
LogInit: Compiled with Visual C++: 19.16.27030.01
LogInit: Build Configuration: Development
LogInit: Branch Name: ++UE4+Release-4.23
LogInit: Command Line: 
LogInit: Base Directory: C:/Program Files/Epic Games/UE_4.23/Engine/Binaries/Win64/
LogInit: Installed Engine Build: 1
LogDevObjectVersion: Number of dev versions registered: 23
LogDevObjectVersion:   Dev-Blueprints (B0D832E4-1F89-4F0D-ACCF-7EB736FD4AA2): 10
LogDevObjectVersion:   Dev-Build (E1C64328-A22C-4D53-A36C-8E866417BD8C): 0
LogDevObjectVersion:   Dev-Core (375EC13C-06E4-48FB-B500-84F0262A717E): 3
LogDevObjectVersion:   Dev-Editor (E4B068ED-F494-42E9-A231-DA0B2E46BB41): 34
LogDevObjectVersion:   Dev-Framework (CFFC743F-43B0-4480-9391-14DF171D2073): 35
LogDevObjectVersion:   Dev-Mobile (B02B49B5-BB20-44E9-A304-32B752E40360): 2
LogDevObjectVersion:   Dev-Networking (A4E4105C-59A1-49B5-A7C5-40C4547EDFEE): 0
LogDevObjectVersion:   Dev-Online (39C831C9-5AE6-47DC-9A44-9C173E1C8E7C): 0
LogDevObjectVersion:   Dev-Physics (78F01B33-EBEA-4F98-B9B4-84EACCB95AA2): 0
LogDevObjectVersion:   Dev-Platform (6631380F-2D4D-43E0-8009-CF276956A95A): 0
LogDevObjectVersion:   Dev-Rendering (12F88B9F-8875-4AFC-A67C-D90C383ABD29): 31
LogDevObjectVersion:   Dev-Sequencer (7B5AE74C-D270-4C10-A958-57980B212A5A): 11
LogDevObjectVersion:   Dev-VR (D7296918-1DD6-4BDD-9DE2-64A83CC13884): 2
LogDevObjectVersion:   Dev-LoadTimes (C2A15278-BFE7-4AFE-6C17-90FF531DF755): 1
LogDevObjectVersion:   Private-Geometry (6EACA3D4-40EC-4CC1-B786-8BED09428FC5): 3
LogDevObjectVersion:   Dev-AnimPhys (29E575DD-E0A3-4627-9D10-D276232CDCEA): 17
LogDevObjectVersion:   Dev-Anim (AF43A65D-7FD3-4947-9873-3E8ED9C1BB05): 2
LogDevObjectVersion:   Dev-ReflectionCapture (6B266CEC-1EC7-4B8F-A30B-E4D90942FC07): 1
LogDevObjectVersion:   Dev-Automation (0DF73D61-A23F-47EA-B727-89E90C41499A): 1
LogDevObjectVersion:   FortniteMain (601D1886-AC64-4F84-AA16-D3DE0DEAC7D6): 27
LogDevObjectVersion:   Dev-Enterprise (9DFFBCD6-494F-0158-E221-12823C92A888): 6
LogDevObjectVersion:   Dev-Niagara (F2AED0AC-9AFE-416F-8664-AA7FFA26D6FC): 1
LogDevObjectVersion:   Dev-Destruction (174F1F0B-B4C6-45A5-B13F-2EE8D0FB917D): 9
LogInit: Presizing for max 16777216 objects, including 0 objects not considered by GC, pre-allocating 0 bytes for permanent pool.
LogInit: Object subsystem initialized
LogConfig: Setting CVar [[con.DebugEarlyDefault:1]]
LogConfig: Setting CVar [[r.setres:1280x720]]
[2025.01.17-01.47.45:052][  0]LogConfig: Setting CVar [[r.VSync:0]]
[2025.01.17-01.47.45:052][  0]LogConfig: Setting CVar [[r.RHICmdBypass:0]]
[2025.01.17-01.47.45:053][  0]LogConfig: Applying CVar settings from Section [/Script/Engine.RendererSettings] File [C:/Users/LaiLaisGaming/Documents/Unreal Projects/WarehouseWreckage423/Saved/Config/Windows/Engine.ini]
[2025.01.17-01.47.45:053][  0]LogConfig: Setting CVar [[r.GPUCrashDebugging:0]]
[2025.01.17-01.47.45:053][  0]LogConfig: Setting CVar [[r.DefaultFeature.AutoExposure.ExtendDefaultLuminanceRange:1]]
[2025.01.17-01.47.45:053][  0]LogConfig: Applying CVar settings from Section [/Script/Engine.RendererOverrideSettings] File [C:/Users/LaiLaisGaming/Documents/Unreal Projects/WarehouseWreckage423/Saved/Config/Windows/Engine.ini]
[2025.01.17-01.47.45:053][  0]LogConfig: Applying CVar settings from Section [/Script/Engine.StreamingSettings] File [C:/Users/LaiLaisGaming/Documents/Unreal Projects/WarehouseWreckage423/Saved/Config/Windows/Engine.ini]
[2025.01.17-01.47.45:053][  0]LogConfig: Setting CVar [[s.MinBulkDataSizeForAsyncLoading:131072]]
[2025.01.17-01.47.45:053][  0]LogConfig: Setting CVar [[s.AsyncLoadingThreadEnabled:0]]
[2025.01.17-01.47.45:053][  0]LogConfig: Setting CVar [[s.EventDrivenLoaderEnabled:1]]
[2025.01.17-01.47.45:053][  0]LogConfig: Setting CVar [[s.WarnIfTimeLimitExceeded:0]]
[2025.01.17-01.47.45:053][  0]LogConfig: Setting CVar [[s.TimeLimitExceededMultiplier:1.5]]
[2025.01.17-01.47.45:053][  0]LogConfig: Setting CVar [[s.TimeLimitExceededMinTime:0.005]]
[2025.01.17-01.47.45:053][  0]LogConfig: Setting CVar [[s.UseBackgroundLevelStreaming:1]]
[2025.01.17-01.47.45:053][  0]LogConfig: Setting CVar [[s.PriorityAsyncLoadingExtraTime:15.0]]
[2025.01.17-01.47.45:053][  0]LogConfig: Setting CVar [[s.LevelStreamingActorsUpdateTimeLimit:5.0]]
[2025.01.17-01.47.45:053][  0]LogConfig: Setting CVar [[s.PriorityLevelStreamingActorsUpdateExtraTime:5.0]]
[2025.01.17-01.47.45:053][  0]LogConfig: Setting CVar [[s.LevelStreamingComponentsRegistrationGranularity:10]]
[2025.01.17-01.47.45:053][  0]LogConfig: Setting CVar [[s.UnregisterComponentsTimeLimit:1.0]]
[2025.01.17-01.47.45:053][  0]LogConfig: Setting CVar [[s.LevelStreamingComponentsUnregistrationGranularity:5]]
[2025.01.17-01.47.45:053][  0]LogConfig: Applying CVar settings from Section [/Script/Engine.GarbageCollectionSettings] File [C:/Users/LaiLaisGaming/Documents/Unreal Projects/WarehouseWreckage423/Saved/Config/Windows/Engine.ini]
[2025.01.17-01.47.45:053][  0]LogConfig: Setting CVar [[gc.MaxObjectsNotConsideredByGC:1]]
[2025.01.17-01.47.45:053][  0]LogConfig: Setting CVar [[gc.SizeOfPermanentObjectPool:0]]
[2025.01.17-01.47.45:053][  0]LogConfig: Setting CVar [[gc.FlushStreamingOnGC:0]]
[2025.01.17-01.47.45:053][  0]LogConfig: Setting CVar [[gc.NumRetriesBeforeForcingGC:10]]
[2025.01.17-01.47.45:053][  0]LogConfig: Setting CVar [[gc.AllowParallelGC:1]]
[2025.01.17-01.47.45:053][  0]LogConfig: Setting CVar [[gc.TimeBetweenPurgingPendingKillObjects:61.1]]
[2025.01.17-01.47.45:053][  0]LogConfig: Setting CVar [[gc.MaxObjectsInEditor:16777216]]
[2025.01.17-01.47.45:053][  0]LogConfig: Setting CVar [[gc.IncrementalBeginDestroyEnabled:1]]
[2025.01.17-01.47.45:053][  0]LogConfig: Setting CVar [[gc.CreateGCClusters:1]]
[2025.01.17-01.47.45:053][  0]LogConfig: Setting CVar [[gc.MinGCClusterSize:5]]
[2025.01.17-01.47.45:053][  0]LogConfig: Setting CVar [[gc.ActorClusteringEnabled:0]]
[2025.01.17-01.47.45:053][  0]LogConfig: Setting CVar [[gc.BlueprintClusteringEnabled:0]]
[2025.01.17-01.47.45:053][  0]LogConfig: Setting CVar [[gc.UseDisregardForGCOnDedicatedServers:0]]
[2025.01.17-01.47.45:053][  0]LogConfig: Applying CVar settings from Section [/Script/Engine.NetworkSettings] File [C:/Users/LaiLaisGaming/Documents/Unreal Projects/WarehouseWreckage423/Saved/Config/Windows/Engine.ini]
[2025.01.17-01.47.45:053][  0]LogConfig: Applying CVar settings from Section [/Script/UnrealEd.CookerSettings] File [C:/Users/LaiLaisGaming/Documents/Unreal Projects/WarehouseWreckage423/Saved/Config/Windows/Engine.ini]
[2025.01.17-01.47.45:055][  0]LogConfig: Applying CVar settings from Section [ViewDistanceQuality@3] File [C:/Users/LaiLaisGaming/Documents/Unreal Projects/WarehouseWreckage423/Saved/Config/Windows/Scalability.ini]
[2025.01.17-01.47.45:055][  0]LogConfig: Setting CVar [[r.SkeletalMeshLODBias:0]]
[2025.01.17-01.47.45:055][  0]LogConfig: Setting CVar [[r.ViewDistanceScale:1.0]]
[2025.01.17-01.47.45:055][  0]LogConfig: Applying CVar settings from Section [AntiAliasingQuality@3] File [C:/Users/LaiLaisGaming/Documents/Unreal Projects/WarehouseWreckage423/Saved/Config/Windows/Scalability.ini]
[2025.01.17-01.47.45:055][  0]LogConfig: Setting CVar [[r.PostProcessAAQuality:4]]
[2025.01.17-01.47.45:055][  0]LogConfig: Applying CVar settings from Section [ShadowQuality@3] File [C:/Users/LaiLaisGaming/Documents/Unreal Projects/WarehouseWreckage423/Saved/Config/Windows/Scalability.ini]
[2025.01.17-01.47.45:055][  0]LogConfig: Setting CVar [[r.LightFunctionQuality:1]]
[2025.01.17-01.47.45:055][  0]LogConfig: Setting CVar [[r.ShadowQuality:5]]
[2025.01.17-01.47.45:055][  0]LogConfig: Setting CVar [[r.Shadow.CSM.MaxCascades:10]]
[2025.01.17-01.47.45:055][  0]LogConfig: Setting CVar [[r.Shadow.MaxResolution:2048]]
[2025.01.17-01.47.45:055][  0]LogConfig: Setting CVar [[r.Shadow.MaxCSMResolution:2048]]
[2025.01.17-01.47.45:056][  0]LogConfig: Setting CVar [[r.Shadow.RadiusThreshold:0.01]]
[2025.01.17-01.47.45:056][  0]LogConfig: Setting CVar [[r.Shadow.DistanceScale:1.0]]
[2025.01.17-01.47.45:056][  0]LogConfig: Setting CVar [[r.Shadow.CSM.TransitionScale:1.0]]
[2025.01.17-01.47.45:056][  0]LogConfig: Setting CVar [[r.Shadow.PreShadowResolutionFactor:1.0]]
[2025.01.17-01.47.45:056][  0]LogConfig: Setting CVar [[r.DistanceFieldShadowing:1]]
[2025.01.17-01.47.45:056][  0]LogConfig: Setting CVar [[r.DistanceFieldAO:1]]
[2025.01.17-01.47.45:056][  0]LogConfig: Setting CVar [[r.AOQuality:2]]
[2025.01.17-01.47.45:056][  0]LogConfig: Setting CVar [[r.VolumetricFog:1]]
[2025.01.17-01.47.45:056][  0]LogConfig: Setting CVar [[r.VolumetricFog.GridPixelSize:8]]
[2025.01.17-01.47.45:056][  0]LogConfig: Setting CVar [[r.VolumetricFog.GridSizeZ:128]]
[2025.01.17-01.47.45:056][  0]LogConfig: Setting CVar [[r.VolumetricFog.HistoryMissSupersampleCount:4]]
[2025.01.17-01.47.45:056][  0]LogConfig: Setting CVar [[r.LightMaxDrawDistanceScale:1]]
[2025.01.17-01.47.45:056][  0]LogConfig: Setting CVar [[r.CapsuleShadows:1]]
[2025.01.17-01.47.45:056][  0]LogConfig: Applying CVar settings from Section [PostProcessQuality@3] File [C:/Users/LaiLaisGaming/Documents/Unreal Projects/WarehouseWreckage423/Saved/Config/Windows/Scalability.ini]
[2025.01.17-01.47.45:056][  0]LogConfig: Setting CVar [[r.MotionBlurQuality:4]]
[2025.01.17-01.47.45:056][  0]LogConfig: Setting CVar [[r.AmbientOcclusionMipLevelFactor:0.4]]
[2025.01.17-01.47.45:056][  0]LogConfig: Setting CVar [[r.AmbientOcclusionMaxQuality:100]]
[2025.01.17-01.47.45:056][  0]LogConfig: Setting CVar [[r.AmbientOcclusionLevels:-1]]
[2025.01.17-01.47.45:056][  0]LogConfig: Setting CVar [[r.AmbientOcclusionRadiusScale:1.0]]
[2025.01.17-01.47.45:056][  0]LogConfig: Setting CVar [[r.DepthOfFieldQuality:2]]
[2025.01.17-01.47.45:056][  0]LogConfig: Setting CVar [[r.RenderTargetPoolMin:400]]
[2025.01.17-01.47.45:056][  0]LogConfig: Setting CVar [[r.LensFlareQuality:2]]
[2025.01.17-01.47.45:056][  0]LogConfig: Setting CVar [[r.SceneColorFringeQuality:1]]
[2025.01.17-01.47.45:056][  0]LogConfig: Setting CVar [[r.EyeAdaptationQuality:2]]
[2025.01.17-01.47.45:056][  0]LogConfig: Setting CVar [[r.BloomQuality:5]]
[2025.01.17-01.47.45:056][  0]LogConfig: Setting CVar [[r.FastBlurThreshold:100]]
[2025.01.17-01.47.45:056][  0]LogConfig: Setting CVar [[r.Upscale.Quality:3]]
[2025.01.17-01.47.45:056][  0]LogConfig: Setting CVar [[r.Tonemapper.GrainQuantization:1]]
[2025.01.17-01.47.45:056][  0]LogConfig: Setting CVar [[r.LightShaftQuality:1]]
[2025.01.17-01.47.45:056][  0]LogConfig: Setting CVar [[r.Filter.SizeScale:1]]
[2025.01.17-01.47.45:056][  0]LogConfig: Setting CVar [[r.Tonemapper.Quality:5]]
[2025.01.17-01.47.45:056][  0]LogConfig: Setting CVar [[r.DOF.Gather.AccumulatorQuality:1        ; higher gathering accumulator quality]]
[2025.01.17-01.47.45:056][  0]LogConfig: Setting CVar [[r.DOF.Gather.PostfilterMethod:1          ; Median3x3 postfilering method]]
[2025.01.17-01.47.45:056][  0]LogConfig: Setting CVar [[r.DOF.Gather.EnableBokehSettings:0       ; no bokeh simulation when gathering]]
[2025.01.17-01.47.45:056][  0]LogConfig: Setting CVar [[r.DOF.Gather.RingCount:4                 ; medium number of samples when gathering]]
[2025.01.17-01.47.45:056][  0]LogConfig: Setting CVar [[r.DOF.Scatter.ForegroundCompositing:1    ; additive foreground scattering]]
[2025.01.17-01.47.45:056][  0]LogConfig: Setting CVar [[r.DOF.Scatter.BackgroundCompositing:2    ; additive background scattering]]
[2025.01.17-01.47.45:056][  0]LogConfig: Setting CVar [[r.DOF.Scatter.EnableBokehSettings:1      ; bokeh simulation when scattering]]
[2025.01.17-01.47.45:056][  0]LogConfig: Setting CVar [[r.DOF.Scatter.MaxSpriteRatio:0.1         ; only a maximum of 10% of scattered bokeh]]
[2025.01.17-01.47.45:056][  0]LogConfig: Setting CVar [[r.DOF.Recombine.Quality:1                ; cheap slight out of focus]]
[2025.01.17-01.47.45:056][  0]LogConfig: Setting CVar [[r.DOF.Recombine.EnableBokehSettings:0    ; no bokeh simulation on slight out of focus]]
[2025.01.17-01.47.45:056][  0]LogConfig: Setting CVar [[r.DOF.TemporalAAQuality:1                ; more stable temporal accumulation]]
[2025.01.17-01.47.45:056][  0]LogConfig: Setting CVar [[r.DOF.Kernel.MaxForegroundRadius:0.025]]
[2025.01.17-01.47.45:056][  0]LogConfig: Setting CVar [[r.DOF.Kernel.MaxBackgroundRadius:0.025]]
[2025.01.17-01.47.45:056][  0]LogConfig: Applying CVar settings from Section [TextureQuality@3] File [C:/Users/LaiLaisGaming/Documents/Unreal Projects/WarehouseWreckage423/Saved/Config/Windows/Scalability.ini]
[2025.01.17-01.47.45:056][  0]LogConfig: Setting CVar [[r.Streaming.MipBias:0]]
[2025.01.17-01.47.45:056][  0]LogConfig: Setting CVar [[r.Streaming.AmortizeCPUToGPUCopy:0]]
[2025.01.17-01.47.45:056][  0]LogConfig: Setting CVar [[r.Streaming.MaxNumTexturesToStreamPerFrame:0]]
[2025.01.17-01.47.45:056][  0]LogConfig: Setting CVar [[r.Streaming.Boost:1]]
[2025.01.17-01.47.45:056][  0]LogConfig: Setting CVar [[r.MaxAnisotropy:8]]
[2025.01.17-01.47.45:056][  0]LogConfig: Setting CVar [[r.Streaming.LimitPoolSizeToVRAM:0]]
[2025.01.17-01.47.45:056][  0]LogConfig: Setting CVar [[r.Streaming.PoolSize:1000]]
[2025.01.17-01.47.45:056][  0]LogConfig: Setting CVar [[r.Streaming.MaxEffectiveScreenSize:0]]
[2025.01.17-01.47.45:056][  0]LogConfig: Applying CVar settings from Section [EffectsQuality@3] File [C:/Users/LaiLaisGaming/Documents/Unreal Projects/WarehouseWreckage423/Saved/Config/Windows/Scalability.ini]
[2025.01.17-01.47.45:056][  0]LogConfig: Setting CVar [[r.TranslucencyLightingVolumeDim:64]]
[2025.01.17-01.47.45:056][  0]LogConfig: Setting CVar [[r.RefractionQuality:2]]
[2025.01.17-01.47.45:056][  0]LogConfig: Setting CVar [[r.SSR.Quality:3]]
[2025.01.17-01.47.45:056][  0]LogConfig: Setting CVar [[r.SceneColorFormat:4]]
[2025.01.17-01.47.45:056][  0]LogConfig: Setting CVar [[r.DetailMode:2]]
[2025.01.17-01.47.45:056][  0]LogConfig: Setting CVar [[r.TranslucencyVolumeBlur:1]]
[2025.01.17-01.47.45:056][  0]LogConfig: Setting CVar [[r.MaterialQualityLevel:1 ; High quality]]
[2025.01.17-01.47.45:056][  0]LogConfig: Setting CVar [[r.SSS.Scale:1]]
[2025.01.17-01.47.45:056][  0]LogConfig: Setting CVar [[r.SSS.SampleSet:2]]
[2025.01.17-01.47.45:056][  0]LogConfig: Setting CVar [[r.SSS.Quality:1]]
[2025.01.17-01.47.45:056][  0]LogConfig: Setting CVar [[r.SSS.HalfRes:1]]
[2025.01.17-01.47.45:056][  0]LogConfig: Setting CVar [[r.EmitterSpawnRateScale:1.0]]
[2025.01.17-01.47.45:056][  0]LogConfig: Setting CVar [[r.ParticleLightQuality:2]]
[2025.01.17-01.47.45:056][  0]LogConfig: Applying CVar settings from Section [FoliageQuality@3] File [C:/Users/LaiLaisGaming/Documents/Unreal Projects/WarehouseWreckage423/Saved/Config/Windows/Scalability.ini]
[2025.01.17-01.47.45:056][  0]LogConfig: Setting CVar [[foliage.DensityScale:1.0]]
[2025.01.17-01.47.45:056][  0]LogConfig: Setting CVar [[grass.DensityScale:1.0]]
[2025.01.17-01.47.45:056][  0]LogInit: Selected Device Profile: [Windows]
[2025.01.17-01.47.45:057][  0]LogInit: Applying CVar settings loaded from the selected device profile: [Windows]
[2025.01.17-01.47.45:064][  0]LogHAL: Display: Platform has ~ 64 GB [67737395200 / 68719476736 / 64], which maps to Largest [LargestMinGB=32, LargerMinGB=12, DefaultMinGB=8, SmallerMinGB=6, SmallestMinGB=0)
[2025.01.17-01.47.45:064][  0]LogInit: Going up to parent DeviceProfile []
[2025.01.17-01.47.45:065][  0]LogConfig: Applying CVar settings from Section [ViewDistanceQuality@3] File [C:/Users/LaiLaisGaming/Documents/Unreal Projects/WarehouseWreckage423/Saved/Config/Windows/Scalability.ini]
[2025.01.17-01.47.45:065][  0]LogConfig: Setting CVar [[r.SkeletalMeshLODBias:0]]
[2025.01.17-01.47.45:065][  0]LogConfig: Setting CVar [[r.ViewDistanceScale:1.0]]
[2025.01.17-01.47.45:065][  0]LogConfig: Applying CVar settings from Section [AntiAliasingQuality@3] File [C:/Users/LaiLaisGaming/Documents/Unreal Projects/WarehouseWreckage423/Saved/Config/Windows/Scalability.ini]
[2025.01.17-01.47.45:065][  0]LogConfig: Setting CVar [[r.PostProcessAAQuality:4]]
[2025.01.17-01.47.45:065][  0]LogConfig: Applying CVar settings from Section [ShadowQuality@3] File [C:/Users/LaiLaisGaming/Documents/Unreal Projects/WarehouseWreckage423/Saved/Config/Windows/Scalability.ini]
[2025.01.17-01.47.45:065][  0]LogConfig: Setting CVar [[r.LightFunctionQuality:1]]
[2025.01.17-01.47.45:065][  0]LogConfig: Setting CVar [[r.ShadowQuality:5]]
[2025.01.17-01.47.45:065][  0]LogConfig: Setting CVar [[r.Shadow.CSM.MaxCascades:10]]
[2025.01.17-01.47.45:065][  0]LogConfig: Setting CVar [[r.Shadow.MaxResolution:2048]]
[2025.01.17-01.47.45:065][  0]LogConfig: Setting CVar [[r.Shadow.MaxCSMResolution:2048]]
[2025.01.17-01.47.45:065][  0]LogConfig: Setting CVar [[r.Shadow.RadiusThreshold:0.01]]
[2025.01.17-01.47.45:065][  0]LogConfig: Setting CVar [[r.Shadow.DistanceScale:1.0]]
[2025.01.17-01.47.45:065][  0]LogConfig: Setting CVar [[r.Shadow.CSM.TransitionScale:1.0]]
[2025.01.17-01.47.45:065][  0]LogConfig: Setting CVar [[r.Shadow.PreShadowResolutionFactor:1.0]]
[2025.01.17-01.47.45:065][  0]LogConfig: Setting CVar [[r.DistanceFieldShadowing:1]]
[2025.01.17-01.47.45:065][  0]LogConfig: Setting CVar [[r.DistanceFieldAO:1]]
[2025.01.17-01.47.45:065][  0]LogConfig: Setting CVar [[r.AOQuality:2]]
[2025.01.17-01.47.45:065][  0]LogConfig: Setting CVar [[r.VolumetricFog:1]]
[2025.01.17-01.47.45:065][  0]LogConfig: Setting CVar [[r.VolumetricFog.GridPixelSize:8]]
[2025.01.17-01.47.45:065][  0]LogConfig: Setting CVar [[r.VolumetricFog.GridSizeZ:128]]
[2025.01.17-01.47.45:065][  0]LogConfig: Setting CVar [[r.VolumetricFog.HistoryMissSupersampleCount:4]]
[2025.01.17-01.47.45:065][  0]LogConfig: Setting CVar [[r.LightMaxDrawDistanceScale:1]]
[2025.01.17-01.47.45:065][  0]LogConfig: Setting CVar [[r.CapsuleShadows:1]]
[2025.01.17-01.47.45:065][  0]LogConfig: Applying CVar settings from Section [PostProcessQuality@3] File [C:/Users/LaiLaisGaming/Documents/Unreal Projects/WarehouseWreckage423/Saved/Config/Windows/Scalability.ini]
[2025.01.17-01.47.45:065][  0]LogConfig: Setting CVar [[r.MotionBlurQuality:4]]
[2025.01.17-01.47.45:065][  0]LogConfig: Setting CVar [[r.AmbientOcclusionMipLevelFactor:0.4]]
[2025.01.17-01.47.45:065][  0]LogConfig: Setting CVar [[r.AmbientOcclusionMaxQuality:100]]
[2025.01.17-01.47.45:065][  0]LogConfig: Setting CVar [[r.AmbientOcclusionLevels:-1]]
[2025.01.17-01.47.45:065][  0]LogConfig: Setting CVar [[r.AmbientOcclusionRadiusScale:1.0]]
[2025.01.17-01.47.45:065][  0]LogConfig: Setting CVar [[r.DepthOfFieldQuality:2]]
[2025.01.17-01.47.45:065][  0]LogConfig: Setting CVar [[r.RenderTargetPoolMin:400]]
[2025.01.17-01.47.45:065][  0]LogConfig: Setting CVar [[r.LensFlareQuality:2]]
[2025.01.17-01.47.45:065][  0]LogConfig: Setting CVar [[r.SceneColorFringeQuality:1]]
[2025.01.17-01.47.45:065][  0]LogConfig: Setting CVar [[r.EyeAdaptationQuality:2]]
[2025.01.17-01.47.45:065][  0]LogConfig: Setting CVar [[r.BloomQuality:5]]
[2025.01.17-01.47.45:065][  0]LogConfig: Setting CVar [[r.FastBlurThreshold:100]]
[2025.01.17-01.47.45:065][  0]LogConfig: Setting CVar [[r.Upscale.Quality:3]]
[2025.01.17-01.47.45:065][  0]LogConfig: Setting CVar [[r.Tonemapper.GrainQuantization:1]]
[2025.01.17-01.47.45:065][  0]LogConfig: Setting CVar [[r.LightShaftQuality:1]]
[2025.01.17-01.47.45:065][  0]LogConfig: Setting CVar [[r.Filter.SizeScale:1]]
[2025.01.17-01.47.45:065][  0]LogConfig: Setting CVar [[r.Tonemapper.Quality:5]]
[2025.01.17-01.47.45:065][  0]LogConfig: Setting CVar [[r.DOF.Gather.AccumulatorQuality:1        ; higher gathering accumulator quality]]
[2025.01.17-01.47.45:065][  0]LogConfig: Setting CVar [[r.DOF.Gather.PostfilterMethod:1          ; Median3x3 postfilering method]]
[2025.01.17-01.47.45:065][  0]LogConfig: Setting CVar [[r.DOF.Gather.EnableBokehSettings:0       ; no bokeh simulation when gathering]]
[2025.01.17-01.47.45:065][  0]LogConfig: Setting CVar [[r.DOF.Gather.RingCount:4                 ; medium number of samples when gathering]]
[2025.01.17-01.47.45:065][  0]LogConfig: Setting CVar [[r.DOF.Scatter.ForegroundCompositing:1    ; additive foreground scattering]]
[2025.01.17-01.47.45:065][  0]LogConfig: Setting CVar [[r.DOF.Scatter.BackgroundCompositing:2    ; additive background scattering]]
[2025.01.17-01.47.45:065][  0]LogConfig: Setting CVar [[r.DOF.Scatter.EnableBokehSettings:1      ; bokeh simulation when scattering]]
[2025.01.17-01.47.45:065][  0]LogConfig: Setting CVar [[r.DOF.Scatter.MaxSpriteRatio:0.1         ; only a maximum of 10% of scattered bokeh]]
[2025.01.17-01.47.45:065][  0]LogConfig: Setting CVar [[r.DOF.Recombine.Quality:1                ; cheap slight out of focus]]
[2025.01.17-01.47.45:065][  0]LogConfig: Setting CVar [[r.DOF.Recombine.EnableBokehSettings:0    ; no bokeh simulation on slight out of focus]]
[2025.01.17-01.47.45:065][  0]LogConfig: Setting CVar [[r.DOF.TemporalAAQuality:1                ; more stable temporal accumulation]]
[2025.01.17-01.47.45:065][  0]LogConfig: Setting CVar [[r.DOF.Kernel.MaxForegroundRadius:0.025]]
[2025.01.17-01.47.45:065][  0]LogConfig: Setting CVar [[r.DOF.Kernel.MaxBackgroundRadius:0.025]]
[2025.01.17-01.47.45:065][  0]LogConfig: Applying CVar settings from Section [TextureQuality@3] File [C:/Users/LaiLaisGaming/Documents/Unreal Projects/WarehouseWreckage423/Saved/Config/Windows/Scalability.ini]
[2025.01.17-01.47.45:065][  0]LogConfig: Setting CVar [[r.Streaming.MipBias:0]]
[2025.01.17-01.47.45:065][  0]LogConfig: Setting CVar [[r.Streaming.AmortizeCPUToGPUCopy:0]]
[2025.01.17-01.47.45:065][  0]LogConfig: Setting CVar [[r.Streaming.MaxNumTexturesToStreamPerFrame:0]]
[2025.01.17-01.47.45:065][  0]LogConfig: Setting CVar [[r.Streaming.Boost:1]]
[2025.01.17-01.47.45:065][  0]LogConfig: Setting CVar [[r.MaxAnisotropy:8]]
[2025.01.17-01.47.45:065][  0]LogConfig: Setting CVar [[r.Streaming.LimitPoolSizeToVRAM:0]]
[2025.01.17-01.47.45:065][  0]LogConfig: Setting CVar [[r.Streaming.PoolSize:1000]]
[2025.01.17-01.47.45:065][  0]LogConfig: Setting CVar [[r.Streaming.MaxEffectiveScreenSize:0]]
[2025.01.17-01.47.45:065][  0]LogConfig: Applying CVar settings from Section [EffectsQuality@3] File [C:/Users/LaiLaisGaming/Documents/Unreal Projects/WarehouseWreckage423/Saved/Config/Windows/Scalability.ini]
[2025.01.17-01.47.45:065][  0]LogConfig: Setting CVar [[r.TranslucencyLightingVolumeDim:64]]
[2025.01.17-01.47.45:065][  0]LogConfig: Setting CVar [[r.RefractionQuality:2]]
[2025.01.17-01.47.45:065][  0]LogConfig: Setting CVar [[r.SSR.Quality:3]]
[2025.01.17-01.47.45:065][  0]LogConfig: Setting CVar [[r.SceneColorFormat:4]]
[2025.01.17-01.47.45:065][  0]LogConfig: Setting CVar [[r.DetailMode:2]]
[2025.01.17-01.47.45:065][  0]LogConfig: Setting CVar [[r.TranslucencyVolumeBlur:1]]
[2025.01.17-01.47.45:065][  0]LogConfig: Setting CVar [[r.MaterialQualityLevel:1 ; High quality]]
[2025.01.17-01.47.45:065][  0]LogConfig: Setting CVar [[r.SSS.Scale:1]]
[2025.01.17-01.47.45:065][  0]LogConfig: Setting CVar [[r.SSS.SampleSet:2]]
[2025.01.17-01.47.45:065][  0]LogConfig: Setting CVar [[r.SSS.Quality:1]]
[2025.01.17-01.47.45:065][  0]LogConfig: Setting CVar [[r.SSS.HalfRes:1]]
[2025.01.17-01.47.45:065][  0]LogConfig: Setting CVar [[r.EmitterSpawnRateScale:1.0]]
[2025.01.17-01.47.45:065][  0]LogConfig: Setting CVar [[r.ParticleLightQuality:2]]
[2025.01.17-01.47.45:065][  0]LogConfig: Applying CVar settings from Section [FoliageQuality@3] File [C:/Users/LaiLaisGaming/Documents/Unreal Projects/WarehouseWreckage423/Saved/Config/Windows/Scalability.ini]
[2025.01.17-01.47.45:065][  0]LogConfig: Setting CVar [[foliage.DensityScale:1.0]]
[2025.01.17-01.47.45:065][  0]LogConfig: Setting CVar [[grass.DensityScale:1.0]]
[2025.01.17-01.47.45:065][  0]LogConfig: Applying CVar settings from Section [Startup] File [../../../Engine/Config/ConsoleVariables.ini]
[2025.01.17-01.47.45:069][  0]LogConfig: Setting CVar [[net.UseAdaptiveNetUpdateFrequency:0]]
[2025.01.17-01.47.45:069][  0]LogConfig: Setting CVar [[p.chaos.AllowCreatePhysxBodies:1]]
[2025.01.17-01.47.45:069][  0]LogConfig: Applying CVar settings from Section [ConsoleVariables] File [C:/Users/LaiLaisGaming/Documents/Unreal Projects/WarehouseWreckage423/Saved/Config/Windows/Engine.ini]
[2025.01.17-01.47.45:070][  0]LogInit: Computer: LAILAISTOWER
[2025.01.17-01.47.45:070][  0]LogInit: User: LaiLaisGaming
[2025.01.17-01.47.45:070][  0]LogInit: CPU Page size=4096, Cores=12
[2025.01.17-01.47.45:070][  0]LogInit: High frequency timer resolution =10.000000 MHz
[2025.01.17-01.47.45:070][  0]LogMemory: Memory total: Physical=63.1GB (64GB approx)
[2025.01.17-01.47.45:070][  0]LogMemory: Platform Memory Stats for Windows
[2025.01.17-01.47.45:070][  0]LogMemory: Process Physical Memory: 105.25 MB used, 105.25 MB peak
[2025.01.17-01.47.45:070][  0]LogMemory: Process Virtual Memory: 102.68 MB used, 102.68 MB peak
[2025.01.17-01.47.45:070][  0]LogMemory: Physical Memory: 10894.84 MB used,  53704.57 MB free, 64599.41 MB total
[2025.01.17-01.47.45:070][  0]LogMemory: Virtual Memory: 4747.44 MB used,  134212984.00 MB free, 134217728.00 MB total
[2025.01.17-01.47.45:074][  0]LogWindows: WindowsPlatformFeatures enabled
[2025.01.17-01.47.45:246][  0]LogInit: Using OS detected language (en-US).
[2025.01.17-01.47.45:246][  0]LogInit: Using OS detected locale (en-US).
[2025.01.17-01.47.45:248][  0]LogTextLocalizationManager: No specific localization for 'en-US' exists, so the 'en' localization will be used.
[2025.01.17-01.47.45:451][  0]LogInit: Setting process to per monitor DPI aware
[2025.01.17-01.47.45:503][  0]LogSlate: New Slate User Created.  User Index 0, Is Virtual User: 0
[2025.01.17-01.47.45:503][  0]LogSlate: Slate User Registered.  User Index 0, Is Virtual User: 0
[2025.01.17-01.47.46:907][  0]LogHMD: Failed to initialize OpenVR with code 110
[2025.01.17-01.47.46:907][  0]LogD3D11RHI: D3D11 adapters:
[2025.01.17-01.47.46:962][  0]LogD3D11RHI:    0. 'AMD Radeon RX 7800 XT' (Feature Level 11_0)
[2025.01.17-01.47.46:962][  0]LogD3D11RHI:       16172/0/32299 MB DedicatedVideo/DedicatedSystem/SharedSystem, Outputs:2, VendorId:0x1002
[2025.01.17-01.47.47:001][  0]LogD3D11RHI:    1. 'AMD Radeon(TM) Graphics' (Feature Level 11_0)
[2025.01.17-01.47.47:001][  0]LogD3D11RHI:       485/0/32299 MB DedicatedVideo/DedicatedSystem/SharedSystem, Outputs:0, VendorId:0x1002
[2025.01.17-01.47.47:003][  0]LogD3D11RHI:    2. 'Microsoft Basic Render Driver' (Feature Level 11_0)
[2025.01.17-01.47.47:003][  0]LogD3D11RHI:       0/0/32299 MB DedicatedVideo/DedicatedSystem/SharedSystem, Outputs:0, VendorId:0x1414
[2025.01.17-01.47.47:003][  0]LogD3D11RHI: Chosen D3D11 Adapter: 0
[2025.01.17-01.47.47:011][  0]LogD3D11RHI: Creating new Direct3DDevice
[2025.01.17-01.47.47:011][  0]LogD3D11RHI:     GPU DeviceId: 0x747e (for the marketing name, search the web for "GPU Device Id")
[2025.01.17-01.47.47:011][  0]LogWindows: EnumDisplayDevices:
[2025.01.17-01.47.47:011][  0]LogWindows:    0. 'AMD Radeon RX 7800 XT' (P:1 D:1)
[2025.01.17-01.47.47:011][  0]LogWindows:    1. 'AMD Radeon RX 7800 XT' (P:0 D:1)
[2025.01.17-01.47.47:011][  0]LogWindows:    2. 'AMD Radeon RX 7800 XT' (P:0 D:0)
[2025.01.17-01.47.47:011][  0]LogWindows:    3. 'AMD Radeon RX 7800 XT' (P:0 D:0)
[2025.01.17-01.47.47:011][  0]LogWindows:    4. 'AMD Radeon RX 7800 XT' (P:0 D:0)
[2025.01.17-01.47.47:011][  0]LogWindows:    5. 'AMD Radeon(TM) Graphics' (P:0 D:0)
[2025.01.17-01.47.47:011][  0]LogWindows:    6. 'AMD Radeon(TM) Graphics' (P:0 D:0)
[2025.01.17-01.47.47:012][  0]LogWindows:    7. 'AMD Radeon(TM) Graphics' (P:0 D:0)
[2025.01.17-01.47.47:012][  0]LogWindows:    8. 'AMD Radeon(TM) Graphics' (P:0 D:0)
[2025.01.17-01.47.47:012][  0]LogWindows:    9. 'AMD Radeon(TM) Graphics' (P:0 D:0)
[2025.01.17-01.47.47:012][  0]LogWindows: DebugString: PrimaryIsNotTheChoosenAdapter PrimaryIsNotTheChoosenAdapter PrimaryIsNotTheChoosenAdapter PrimaryIsNotTheChoosenAdapter PrimaryIsNotTheChoosenAdapter FoundDriverCount:5 
[2025.01.17-01.47.47:012][  0]LogD3D11RHI:     Adapter Name: AMD Radeon RX 7800 XT
[2025.01.17-01.47.47:012][  0]LogD3D11RHI:   Driver Version: AMD Software: Adrenalin Edition 24.8.1 (internal:32.0.11037.4004, unified:32.0.11037.4004)
[2025.01.17-01.47.47:012][  0]LogD3D11RHI:      Driver Date: 8-23-2024
[2025.01.17-01.47.47:012][  0]LogRHI: Texture pool is 11320 MB (70% of 16172 MB)
[2025.01.17-01.47.47:079][  0]LogD3D11RHI: Async texture creation enabled
[2025.01.17-01.47.47:094][  0]LogD3D11RHI: GPU Timing Frequency: 100.000000 (Debug: 2 1)
[2025.01.17-01.47.47:095][  0]LogD3D11RHI: HDR output is supported on display 0 (AMD Device: 0x0, Display: 0x0).
[2025.01.17-01.47.47:305][  0]LogTemp: Display: Module 'AllDesktopTargetPlatform' loaded TargetPlatform 'AllDesktop'
[2025.01.17-01.47.47:310][  0]LogTemp: Display: Module 'MacClientTargetPlatform' loaded TargetPlatform 'MacClient'
[2025.01.17-01.47.47:316][  0]LogTemp: Display: Module 'MacNoEditorTargetPlatform' loaded TargetPlatform 'MacNoEditor'
[2025.01.17-01.47.47:321][  0]LogTemp: Display: Module 'MacServerTargetPlatform' loaded TargetPlatform 'MacServer'
[2025.01.17-01.47.47:333][  0]LogTemp: Display: Module 'MacTargetPlatform' loaded TargetPlatform 'Mac'
[2025.01.17-01.47.47:338][  0]LogTemp: Display: Module 'WindowsClientTargetPlatform' loaded TargetPlatform 'WindowsClient'
[2025.01.17-01.47.47:343][  0]LogTemp: Display: Module 'WindowsNoEditorTargetPlatform' loaded TargetPlatform 'WindowsNoEditor'
[2025.01.17-01.47.47:349][  0]LogTemp: Display: Module 'WindowsServerTargetPlatform' loaded TargetPlatform 'WindowsServer'
[2025.01.17-01.47.47:352][  0]LogTemp: Display: Module 'WindowsTargetPlatform' loaded TargetPlatform 'Windows'
[2025.01.17-01.47.47:379][  0]LogTemp: Display: Module 'AndroidTargetPlatform' loaded TargetPlatform 'Android'
[2025.01.17-01.47.47:379][  0]LogTemp: Display: Module 'AndroidTargetPlatform' loaded TargetPlatform 'Android_ASTC'
[2025.01.17-01.47.47:379][  0]LogTemp: Display: Module 'AndroidTargetPlatform' loaded TargetPlatform 'Android_ATC'
[2025.01.17-01.47.47:379][  0]LogTemp: Display: Module 'AndroidTargetPlatform' loaded TargetPlatform 'Android_DXT'
[2025.01.17-01.47.47:379][  0]LogTemp: Display: Module 'AndroidTargetPlatform' loaded TargetPlatform 'Android_ETC1'
[2025.01.17-01.47.47:379][  0]LogTemp: Display: Module 'AndroidTargetPlatform' loaded TargetPlatform 'Android_ETC1a'
[2025.01.17-01.47.47:379][  0]LogTemp: Display: Module 'AndroidTargetPlatform' loaded TargetPlatform 'Android_ETC2'
[2025.01.17-01.47.47:379][  0]LogTemp: Display: Module 'AndroidTargetPlatform' loaded TargetPlatform 'Android_PVRTC'
[2025.01.17-01.47.47:379][  0]LogTemp: Display: Module 'AndroidTargetPlatform' loaded TargetPlatform 'AndroidClient'
[2025.01.17-01.47.47:379][  0]LogTemp: Display: Module 'AndroidTargetPlatform' loaded TargetPlatform 'Android_ASTCClient'
[2025.01.17-01.47.47:379][  0]LogTemp: Display: Module 'AndroidTargetPlatform' loaded TargetPlatform 'Android_ATCClient'
[2025.01.17-01.47.47:379][  0]LogTemp: Display: Module 'AndroidTargetPlatform' loaded TargetPlatform 'Android_DXTClient'
[2025.01.17-01.47.47:379][  0]LogTemp: Display: Module 'AndroidTargetPlatform' loaded TargetPlatform 'Android_ETC1Client'
[2025.01.17-01.47.47:379][  0]LogTemp: Display: Module 'AndroidTargetPlatform' loaded TargetPlatform 'Android_ETC1aClient'
[2025.01.17-01.47.47:379][  0]LogTemp: Display: Module 'AndroidTargetPlatform' loaded TargetPlatform 'Android_ETC2Client'
[2025.01.17-01.47.47:379][  0]LogTemp: Display: Module 'AndroidTargetPlatform' loaded TargetPlatform 'Android_PVRTCClient'
[2025.01.17-01.47.47:379][  0]LogTemp: Display: Module 'AndroidTargetPlatform' loaded TargetPlatform 'Android_Multi'
[2025.01.17-01.47.47:379][  0]LogTemp: Display: Module 'AndroidTargetPlatform' loaded TargetPlatform 'Android_MultiClient'
[2025.01.17-01.47.47:381][  0]LogTemp: Display: Module 'HTML5TargetPlatform' loaded TargetPlatform 'HTML5'
[2025.01.17-01.47.47:403][  0]LogTemp: Display: Module 'IOSTargetPlatform' loaded TargetPlatform 'IOSClient'
[2025.01.17-01.47.47:403][  0]LogTemp: Display: Module 'IOSTargetPlatform' loaded TargetPlatform 'IOS'
[2025.01.17-01.47.47:411][  0]LogTemp: Display: Module 'TVOSTargetPlatform' loaded TargetPlatform 'TVOSClient'
[2025.01.17-01.47.47:411][  0]LogTemp: Display: Module 'TVOSTargetPlatform' loaded TargetPlatform 'TVOS'
[2025.01.17-01.47.47:415][  0]LogTemp: Display: Module 'LinuxClientTargetPlatform' loaded TargetPlatform 'LinuxClient'
[2025.01.17-01.47.47:419][  0]LogTemp: Display: Module 'LinuxNoEditorTargetPlatform' loaded TargetPlatform 'LinuxNoEditor'
[2025.01.17-01.47.47:423][  0]LogTemp: Display: Module 'LinuxServerTargetPlatform' loaded TargetPlatform 'LinuxServer'
[2025.01.17-01.47.47:437][  0]LogTemp: Display: Module 'LinuxTargetPlatform' loaded TargetPlatform 'Linux'
[2025.01.17-01.47.47:453][  0]LogTemp: Display: Module 'LuminTargetPlatform' loaded TargetPlatform 'Lumin'
[2025.01.17-01.47.47:453][  0]LogTemp: Display: Module 'LuminTargetPlatform' loaded TargetPlatform 'LuminClient'
[2025.01.17-01.47.47:453][  0]LogTargetPlatformManager: Display: Building Assets For Windows
[2025.01.17-01.47.47:494][  0]LogAudioDebug: Display: Lib vorbis DLL was dynamically loaded.
[2025.01.17-01.47.47:578][  0]LogShaderCompilers: Guid format shader working directory is -30 characters bigger than the processId version (../../../../../../Users/LaiLaisGaming/Documents/Unreal Projects/WarehouseWreckage423/Intermediate/Shaders/WorkingDirectory/8916/).
[2025.01.17-01.47.47:578][  0]LogShaderCompilers: Cleaned the shader compiler working directory 'C:/Users/LaiLaisGaming/AppData/Local/Temp/UnrealShaderWorkingDir/EE10B03243CBB0FBB0A1C28305A11C30/'.
[2025.01.17-01.47.47:580][  0]LogXGEController: Cleaning working directory: C:/Users/LaiLaisGaming/AppData/Local/Temp/UnrealXGEWorkingDir/
[2025.01.17-01.47.47:580][  0]LogXGEController: Cannot use XGE Controller as Incredibuild is not installed on this machine.
[2025.01.17-01.47.47:580][  0]LogShaderCompilers: Cannot use XGE Shader Compiler as Incredibuild is not installed on this machine.
[2025.01.17-01.47.47:580][  0]LogShaderCompilers: Display: Using Local Shader Compiler.
[2025.01.17-01.47.49:241][  0]LogDerivedDataCache: Display: Max Cache Size: 512 MB
[2025.01.17-01.47.49:282][  0]LogDerivedDataCache: Loaded boot cache 0.04s 74MB C:/Users/LaiLaisGaming/AppData/Local/UnrealEngine/4.23/DerivedDataCache/Boot.ddc.
[2025.01.17-01.47.49:282][  0]LogDerivedDataCache: Display: Loaded Boot cache: C:/Users/LaiLaisGaming/AppData/Local/UnrealEngine/4.23/DerivedDataCache/Boot.ddc
[2025.01.17-01.47.49:282][  0]LogDerivedDataCache: FDerivedDataBackendGraph:  Pak pak cache file ../../../../../../Users/LaiLaisGaming/Documents/Unreal Projects/WarehouseWreckage423/DerivedDataCache/DDC.ddp not found, will not use a pak cache.
[2025.01.17-01.47.49:282][  0]LogDerivedDataCache: Unable to find inner node Pak for hierarchical cache Hierarchy.
[2025.01.17-01.47.49:282][  0]LogDerivedDataCache: FDerivedDataBackendGraph:  CompressedPak pak cache file ../../../../../../Users/LaiLaisGaming/Documents/Unreal Projects/WarehouseWreckage423/DerivedDataCache/Compressed.ddp not found, will not use a pak cache.
[2025.01.17-01.47.49:282][  0]LogDerivedDataCache: Unable to find inner node CompressedPak for hierarchical cache Hierarchy.
[2025.01.17-01.47.49:299][  0]LogDerivedDataCache: Display: Pak cache opened for reading ../../../Engine/DerivedDataCache/Compressed.ddp.
[2025.01.17-01.47.49:299][  0]LogDerivedDataCache: FDerivedDataBackendGraph:  EnterprisePak pak cache file ../../../Enterprise/DerivedDataCache/Compressed.ddp not found, will not use a pak cache.
[2025.01.17-01.47.49:299][  0]LogDerivedDataCache: Unable to find inner node EnterprisePak for hierarchical cache Hierarchy.
[2025.01.17-01.47.49:300][  0]LogDerivedDataCache: Using Local data cache path C:/Users/LaiLaisGaming/AppData/Local/UnrealEngine/Common/DerivedDataCache: Writable
[2025.01.17-01.47.49:300][  0]LogDerivedDataCache: Shared data cache path not found in *engine.ini, will not use an Shared cache.
[2025.01.17-01.47.49:300][  0]LogDerivedDataCache: Unable to find inner node Shared for hierarchical cache Hierarchy.
[2025.01.17-01.47.49:311][  0]LogMaterial: Verifying Global Shaders for PCD3D_SM5
[2025.01.17-01.47.49:316][  0]LogSlate: Using FreeType 2.6.0
[2025.01.17-01.47.49:328][  0]LogSlate: SlateFontServices - WITH_FREETYPE: 1, WITH_HARFBUZZ: 1
[2025.01.17-01.47.49:414][  0]LogAssetRegistry: FAssetRegistry took 0.0024 seconds to start up
[2025.01.17-01.47.49:617][  0]LogInit: Selected Device Profile: [Windows]
[2025.01.17-01.47.49:789][  0]LogMeshReduction: Using QuadricMeshReduction for automatic static mesh reduction
[2025.01.17-01.47.49:789][  0]LogMeshReduction: Using SimplygonMeshReduction for automatic skeletal mesh reduction
[2025.01.17-01.47.49:789][  0]LogMeshReduction: Using ProxyLODMeshReduction for automatic mesh merging
[2025.01.17-01.47.49:789][  0]LogMeshReduction: No distributed automatic mesh merging module available
[2025.01.17-01.47.49:789][  0]LogMeshMerging: No distributed automatic mesh merging module available
[2025.01.17-01.47.49:816][  0]LogNetVersion: WarehouseWreckage423 1.0.0, NetCL: 8386587, EngineNetVer: 11, GameNetVer: 0 (Checksum: 699451355)
[2025.01.17-01.47.50:403][  0]LogPackageLocalizationCache: Processed 12 localized package path(s) for 1 prioritized culture(s) in 0.024998 seconds
[2025.01.17-01.47.50:406][  0]LogUObjectArray: 43444 objects as part of root set at end of initial load.
[2025.01.17-01.47.50:406][  0]LogUObjectAllocator: 7548648 out of 0 bytes used by permanent object pool.
[2025.01.17-01.47.50:406][  0]LogUObjectArray: CloseDisregardForGC: 0/0 objects in disregard for GC pool
[2025.01.17-01.47.51:627][  0]LogTcpMessaging: Initializing TcpMessaging bridge
[2025.01.17-01.47.51:630][  0]LogUdpMessaging: Initializing bridge on interface 0.0.0.0:0 to multicast group 230.0.0.1:6666.
[2025.01.17-01.47.51:692][  0]SourceControl: Source control is disabled
[2025.01.17-01.47.51:692][  0]SourceControl: Source control is disabled
[2025.01.17-01.47.51:698][  0]SourceControl: Source control is disabled
[2025.01.17-01.47.51:701][  0]SourceControl: Source control is disabled
[2025.01.17-01.47.51:837][  0]LogAndroidPermission: UAndroidPermissionCallbackProxy::GetInstance
[2025.01.17-01.47.51:959][  0]LogOcInput: OculusInput pre-init called
[2025.01.17-01.47.51:965][  0]LogWindows: Failed to load 'OVRPlugin.dll' (GetLastError=126)
[2025.01.17-01.47.51:966][  0]LogWindows: File 'OVRPlugin.dll' does not exist
[2025.01.17-01.47.52:045][  0]LogEngine: Initializing Engine...
[2025.01.17-01.47.52:046][  0]LogHMD: Failed to initialize OpenVR with code 110
[2025.01.17-01.47.52:048][  0]LogStats: UGameplayTagsManager::InitializeManager -  0.001 s
[2025.01.17-01.47.52:273][  0]LogInit: Initializing FReadOnlyCVARCache
[2025.01.17-01.47.52:294][  0]LogAIModule: Creating AISystem for world Untitled
[2025.01.17-01.47.52:317][  0]LogInit: XAudio2 using 'Headphones (2- WH2037A)' : 2 channels at 48 kHz using 16 bits per sample (channel mask 0x3)
[2025.01.17-01.47.52:591][  0]LogInit: FAudioDevice initialized.
[2025.01.17-01.47.52:592][  0]LogNetVersion: Set ProjectVersion to 1.0.0.0. Version Checksum will be recalculated on next use.
[2025.01.17-01.47.52:614][  0]LogDerivedDataCache: Saved boot cache 0.02s 74MB C:/Users/LaiLaisGaming/AppData/Local/UnrealEngine/4.23/DerivedDataCache/Boot.ddc.
[2025.01.17-01.47.52:614][  0]LogInit: Texture streaming: Enabled
[2025.01.17-01.47.52:628][  0]LogEngineSessionManager: EngineSessionManager initialized
[2025.01.17-01.47.52:629][  0]LogEngineSessionManager: EngineSessionManager sent abnormal shutdown report. Type=AbnormalShutdown, SessionId={F33D03FB-4046-4A02-26EB-75A516EEFBB5}
[2025.01.17-01.47.52:629][  0]LogEditorSessionSummary: Verbose: Initializing EditorSessionSummaryWriter for editor session tracking
[2025.01.17-01.47.52:629][  0]LogEditorSessionSummary: EditorSessionSummaryWriter initialized
[2025.01.17-01.47.52:658][  0]LogInit: Transaction tracking system initialized
[2025.01.17-01.47.52:698][  0]BlueprintLog: New page: Editor Load
[2025.01.17-01.47.52:793][  0]LocalizationService: Localization service is disabled
[2025.01.17-01.47.53:107][  0]LogFileCache: Scanning file cache for directory 'C:/Users/LaiLaisGaming/Documents/Unreal Projects/WarehouseWreckage423/Content/' took 0.01s
[2025.01.17-01.47.53:107][  0]LogCook: Display: Max memory allowance for cook 16384mb min free memory 0mb
[2025.01.17-01.47.53:108][  0]LogCook: Display: Mobile HDR setting 1
[2025.01.17-01.47.53:346][  0]SourceControl: Source control is disabled
[2025.01.17-01.47.53:347][  0]Cmd: MAP LOAD FILE="../../../../../../Users/LaiLaisGaming/Documents/Unreal Projects/WarehouseWreckage423/Content/StarterContent/Maps/Minimal_Default.umap" TEMPLATE=0 SHOWPROGRESS=1 FEATURELEVEL=3
[2025.01.17-01.47.53:352][  0]LightingResults: New page: Lighting Build
[2025.01.17-01.47.53:357][  0]LogWorld: UWorld::CleanupWorld for Untitled, bSessionEnded=true, bCleanupResources=true
[2025.01.17-01.47.53:358][  0]MapCheck: New page: Map Check
[2025.01.17-01.47.53:358][  0]LightingResults: New page: Lighting Build
[2025.01.17-01.47.53:394][  0]LogUObjectHash: Compacting FUObjectHashTables data took   0.91ms
[2025.01.17-01.47.53:639][  0]LogAIModule: Creating AISystem for world Minimal_Default
[2025.01.17-01.47.53:657][  0]LogEditorServer: Finished looking for orphan Actors (0.000 secs)
[2025.01.17-01.47.53:692][  0]LogUObjectHash: Compacting FUObjectHashTables data took   1.08ms
[2025.01.17-01.47.53:692][  0]Cmd: MAP CHECKDEP NOCLEARLOG
[2025.01.17-01.47.53:693][  0]MapCheck: Map check complete: 0 Error(s), 0 Warning(s), took 0.548ms to complete.
[2025.01.17-01.47.53:693][  0]LogFileHelpers: Loading map 'Minimal_Default' took 0.346
[2025.01.17-01.47.53:808][  0]LogSlate: Updating window title bar state: overlay mode, drag disabled, window buttons hidden, title bar hidden
[2025.01.17-01.47.53:811][  0]LogSlate: Updating window title bar state: overlay mode, drag disabled, window buttons hidden, title bar hidden
[2025.01.17-01.47.53:815][  0]LogSlate: Updating window title bar state: overlay mode, drag disabled, window buttons hidden, title bar hidden
[2025.01.17-01.47.53:817][  0]LogSlate: Updating window title bar state: overlay mode, drag disabled, window buttons hidden, title bar hidden
[2025.01.17-01.47.53:831][  0]LogCollectionManager: Loaded 0 collections in 0.000884 seconds
[2025.01.17-01.47.53:845][  0]LogFileCache: Scanning file cache for directory 'C:/Users/LaiLaisGaming/Documents/Unreal Projects/WarehouseWreckage423/Saved/Collections/' took 0.00s
[2025.01.17-01.47.53:845][  0]LogFileCache: Scanning file cache for directory 'C:/Users/LaiLaisGaming/Documents/Unreal Projects/WarehouseWreckage423/Content/Developers/LaiLaisGaming/Collections/' took 0.00s
[2025.01.17-01.47.53:845][  0]LogFileCache: Scanning file cache for directory 'C:/Users/LaiLaisGaming/Documents/Unreal Projects/WarehouseWreckage423/Content/Collections/' took 0.00s
[2025.01.17-01.47.53:845][  0]LogCollectionManager: Rebuilt the GUID cache for 0 collections in 0.000001 seconds
[2025.01.17-01.47.53:851][  0]LogContentBrowser: Native class hierarchy populated in 0.0056 seconds. Added 2863 classes and 680 folders.
[2025.01.17-01.47.53:858][  0]LogContentBrowser: Native class hierarchy updated for 'WidgetCarousel' in 0.0001 seconds. Added 0 classes and 0 folders.
[2025.01.17-01.47.54:053][  0]LogContentBrowser: Native class hierarchy updated for 'AddContentDialog' in 0.0002 seconds. Added 0 classes and 0 folders.
[2025.01.17-01.47.54:061][  0]LogContentBrowser: Native class hierarchy updated for 'SceneOutliner' in 0.0001 seconds. Added 1 classes and 2 folders.
[2025.01.17-01.47.54:098][  0]LogSlate: Took 0.005662 seconds to synchronously load lazily loaded font '../../../Engine/Content/Slate/Fonts/Roboto-Regular.ttf' (155K)
[2025.01.17-01.47.54:104][  0]LogSlate: Took 0.004924 seconds to synchronously load lazily loaded font '../../../Engine/Content/Slate/Fonts/Roboto-Bold.ttf' (160K)
[2025.01.17-01.47.54:112][  0]LogSlate: Took 0.004522 seconds to synchronously load lazily loaded font '../../../Engine/Content/Editor/Slate/Fonts/FontAwesome.ttf' (139K)
[2025.01.17-01.47.54:182][  0]LogRenderer: Reallocating scene render targets to support 1784x1060 Format 10 NumSamples 1 (Frame:1).
[2025.01.17-01.47.54:267][  0]LogContentBrowser: Native class hierarchy updated for 'HierarchicalLODOutliner' in 0.0001 seconds. Added 0 classes and 0 folders.
[2025.01.17-01.47.54:267][  0]LogLoad: (Engine Initialization) Total time: 12.44 seconds
[2025.01.17-01.47.54:267][  0]LogLoad: (Engine Initialization) Total Blueprint compile time: 0.00 seconds
[2025.01.17-01.47.54:323][  0]LogContentStreaming: Texture pool size now 1000 MB
[2025.01.17-01.47.54:628][  6]LogAssetRegistry: Asset discovery search completed in 5.2147 seconds
[2025.01.17-01.47.54:629][  6]LogCollectionManager: Rebuilt the object cache for 0 collections in 0.000003 seconds (found 0 objects)
[2025.01.17-01.47.54:629][  6]LogCollectionManager: Fixed up redirectors for 0 collections in 0.000022 seconds (updated 0 objects)
[2025.01.17-01.48.54:343][273]LogEditorSessionSummary: EditorSessionSummary sent report. Type=AbnormalShutdown, SessionId={08683770-420B-BCA0-BDB6-6482A2362485}
[2025.01.17-01.50.19:386][168]LogSlate: FSceneViewport::OnFocusLost() reason 5
[2025.01.17-01.50.19:713][206]LogSlate: FSceneViewport::OnFocusLost() reason 5
[2025.01.17-01.50.19:787][214]LogSlate: FSceneViewport::OnFocusLost() reason 5
[2025.01.17-01.50.26:516][ 14]LogSlate: FSceneViewport::OnFocusLost() reason 5
[2025.01.17-01.50.26:778][ 45]LogSlate: FSceneViewport::OnFocusLost() reason 5
[2025.01.17-01.50.26:896][ 59]LogSlate: FSceneViewport::OnFocusLost() reason 5
[2025.01.17-01.50.31:497][611]LogSlate: FSceneViewport::OnFocusLost() reason 5
[2025.01.17-01.50.49:777][550]LogSlate: Window 'ProjectLauncher' being destroyed
[2025.01.17-01.50.51:012][698]LogSlate: FSceneViewport::OnFocusLost() reason 0
[2025.01.17-01.51.17:448][783]LogSlate: Only BGRA pngs, bmps or icos are supported in by External Image Picker
[2025.01.17-01.51.21:556][260]LogSlate: Took 0.004625 seconds to synchronously load lazily loaded font '../../../Engine/Content/Slate/Fonts/Roboto-Light.ttf' (167K)
[2025.01.17-01.51.30:324][307]LogUObjectHash: Compacting FUObjectHashTables data took   0.46ms
[2025.01.17-01.51.39:962][464]LogSlate: Window 'Project Settings' being destroyed
[2025.01.17-01.51.44:996][ 63]LogUObjectHash: Compacting FUObjectHashTables data took   0.41ms
[2025.01.17-01.51.45:021][ 63]LogSlate: Window 'WarehouseWreckage423 - Unreal Editor' being destroyed
[2025.01.17-01.51.45:100][ 64]Cmd: QUIT_EDITOR
[2025.01.17-01.51.45:110][ 64]LogWindowsTextInputMethodSystem: Display: IME system now deactivated.
[2025.01.17-01.51.45:115][ 64]LogExit: Preparing to exit.
[2025.01.17-01.51.45:759][ 64]LogWorld: UWorld::CleanupWorld for World_0, bSessionEnded=true, bCleanupResources=true
[2025.01.17-01.51.45:767][ 64]LogDemo: Cleaned up 0 splitscreen connections with owner deletion
[2025.01.17-01.51.45:771][ 64]LogWorld: UWorld::CleanupWorld for None, bSessionEnded=true, bCleanupResources=true
[2025.01.17-01.51.45:771][ 64]LogExit: Editor shut down
[2025.01.17-01.51.45:772][ 64]LogExit: Transaction tracking system shut down
[2025.01.17-01.51.45:952][ 64]LogExit: Object subsystem successfully closed.
[2025.01.17-01.51.45:975][ 64]LogShaderCompilers: Display: Shaders left to compile 0
[2025.01.17-01.51.45:997][ 64]LogModuleManager: Shutting down and abandoning module ExternalImagePicker (672)
[2025.01.17-01.51.45:997][ 64]LogModuleManager: Shutting down and abandoning module LauncherServices (670)
[2025.01.17-01.51.45:998][ 64]LogModuleManager: Shutting down and abandoning module HierarchicalLODOutliner (668)
[2025.01.17-01.51.45:998][ 64]LogModuleManager: Shutting down and abandoning module SceneOutliner (666)
[2025.01.17-01.51.45:998][ 64]LogModuleManager: Shutting down and abandoning module AddContentDialog (664)
[2025.01.17-01.51.45:998][ 64]LogModuleManager: Shutting down and abandoning module WidgetCarousel (663)
[2025.01.17-01.51.45:998][ 64]LogModuleManager: Shutting down and abandoning module EditorWidgets (660)
[2025.01.17-01.51.45:998][ 64]LogModuleManager: Shutting down and abandoning module CollectionManager (658)
[2025.01.17-01.51.45:998][ 64]LogModuleManager: Shutting down and abandoning module StatsViewer (656)
[2025.01.17-01.51.45:998][ 64]LogModuleManager: Shutting down and abandoning module VirtualTexturingEditor (654)
[2025.01.17-01.51.45:998][ 64]LogModuleManager: Shutting down and abandoning module FoliageEdit (652)
[2025.01.17-01.51.45:998][ 64]LogModuleManager: Shutting down and abandoning module LandscapeEditor (650)
[2025.01.17-01.51.45:999][ 64]LogModuleManager: Shutting down and abandoning module MeshPaintMode (648)
[2025.01.17-01.51.45:999][ 64]LogModuleManager: Shutting down and abandoning module SceneDepthPickerMode (646)
[2025.01.17-01.51.45:999][ 64]LogModuleManager: Shutting down and abandoning module ActorPickerMode (644)
[2025.01.17-01.51.45:999][ 64]LogModuleManager: Shutting down and abandoning module GeometryMode (642)
[2025.01.17-01.51.45:999][ 64]LogModuleManager: Shutting down and abandoning module TextureAlignMode (640)
[2025.01.17-01.51.45:999][ 64]LogModuleManager: Shutting down and abandoning module BspMode (638)
[2025.01.17-01.51.45:999][ 64]LogModuleManager: Shutting down and abandoning module PIEPreviewDeviceProfileSelector (636)
[2025.01.17-01.51.45:999][ 64]LogModuleManager: Shutting down and abandoning module SequenceRecorderSections (634)
[2025.01.17-01.51.45:999][ 64]LogModuleManager: Shutting down and abandoning module AutomationWorker (632)
[2025.01.17-01.51.45:999][ 64]LogModuleManager: Shutting down and abandoning module OculusMR (630)
[2025.01.17-01.51.45:999][ 64]LogModuleManager: Shutting down and abandoning module AudioCaptureEditor (628)
[2025.01.17-01.51.45:999][ 64]LogModuleManager: Shutting down and abandoning module MatineeToLevelSequence (626)
[2025.01.17-01.51.45:999][ 64]LogModuleManager: Shutting down and abandoning module LevelSequenceEditor (624)
[2025.01.17-01.51.45:999][ 64]LogModuleManager: Shutting down and abandoning module PlacementMode (623)
[2025.01.17-01.51.45:999][ 64]LogModuleManager: Shutting down and abandoning module MaterialEditor (622)
[2025.01.17-01.51.46:000][ 64]LogModuleManager: Shutting down and abandoning module ActorSequenceEditor (618)
[2025.01.17-01.51.46:000][ 64]LogModuleManager: Shutting down and abandoning module WmfMediaFactory (616)
[2025.01.17-01.51.46:000][ 64]LogModuleManager: Shutting down and abandoning module WmfMediaEditor (614)
[2025.01.17-01.51.46:000][ 64]LogModuleManager: Shutting down and abandoning module WebMMediaFactory (612)
[2025.01.17-01.51.46:000][ 64]LogModuleManager: Shutting down and abandoning module WebMMediaEditor (610)
[2025.01.17-01.51.46:000][ 64]LogModuleManager: Shutting down and abandoning module WebMMedia (608)
[2025.01.17-01.51.46:000][ 64]LogModuleManager: Shutting down and abandoning module MediaPlayerEditor (606)
[2025.01.17-01.51.46:001][ 64]LogModuleManager: Shutting down and abandoning module MediaCompositingEditor (604)
[2025.01.17-01.51.46:001][ 64]LogModuleManager: Shutting down and abandoning module SequenceRecorder (603)
[2025.01.17-01.51.46:001][ 64]LogModuleManager: Shutting down and abandoning module OpenExrWrapper (600)
[2025.01.17-01.51.46:001][ 64]LogModuleManager: Shutting down and abandoning module ImgMediaFactory (598)
[2025.01.17-01.51.46:001][ 64]LogModuleManager: Shutting down and abandoning module ImgMediaEditor (596)
[2025.01.17-01.51.46:001][ 64]LogModuleManager: Shutting down and abandoning module AvfMediaFactory (594)
[2025.01.17-01.51.46:001][ 64]LogModuleManager: Shutting down and abandoning module AvfMediaEditor (592)
[2025.01.17-01.51.46:001][ 64]LogModuleManager: Shutting down and abandoning module AndroidMediaFactory (590)
[2025.01.17-01.51.46:001][ 64]LogModuleManager: Shutting down and abandoning module AndroidMediaEditor (588)
[2025.01.17-01.51.46:001][ 64]LogModuleManager: Shutting down and abandoning module MagicLeapCameraPreviewFactory (586)
[2025.01.17-01.51.46:001][ 64]LogModuleManager: Shutting down and abandoning module MagicLeapMediaCodecFactory (584)
[2025.01.17-01.51.46:001][ 64]LogModuleManager: Shutting down and abandoning module MagicLeapMediaFactory (582)
[2025.01.17-01.51.46:001][ 64]LogModuleManager: Shutting down and abandoning module MagicLeapMediaEditor (580)
[2025.01.17-01.51.46:001][ 64]LogModuleManager: Shutting down and abandoning module CharacterAI (578)
[2025.01.17-01.51.46:001][ 64]LogModuleManager: Shutting down and abandoning module SmartSnapping (576)
[2025.01.17-01.51.46:001][ 64]LogModuleManager: Shutting down and abandoning module SessionServices (574)
[2025.01.17-01.51.46:001][ 64]LogModuleManager: Shutting down and abandoning module MeshPaint (572)
[2025.01.17-01.51.46:001][ 64]LogModuleManager: Shutting down and abandoning module ViewportSnapping (570)
[2025.01.17-01.51.46:001][ 64]LogModuleManager: Shutting down and abandoning module ViewportInteraction (568)
[2025.01.17-01.51.46:001][ 64]LogModuleManager: Shutting down and abandoning module ClothPainter (566)
[2025.01.17-01.51.46:001][ 64]LogModuleManager: Shutting down and abandoning module SkeletalMeshEditor (565)
[2025.01.17-01.51.46:002][ 64]LogModuleManager: Shutting down and abandoning module LogVisualizer (562)
[2025.01.17-01.51.46:002][ 64]LogModuleManager: Shutting down and abandoning module IntroTutorials (560)
[2025.01.17-01.51.46:002][ 64]LogModuleManager: Shutting down and abandoning module GameProjectGeneration (559)
[2025.01.17-01.51.46:002][ 64]LogModuleManager: Shutting down and abandoning module LuminPlatformEditor (556)
[2025.01.17-01.51.46:002][ 64]LogModuleManager: Shutting down and abandoning module IOSPlatformEditor (554)
[2025.01.17-01.51.46:002][ 64]LogModuleManager: Shutting down and abandoning module HTML5PlatformEditor (552)
[2025.01.17-01.51.46:002][ 64]LogModuleManager: Shutting down and abandoning module AndroidPlatformEditor (550)
[2025.01.17-01.51.46:002][ 64]LogModuleManager: Shutting down and abandoning module AndroidDeviceDetection (549)
[2025.01.17-01.51.47:957][ 64]LogModuleManager: Shutting down and abandoning module WindowsPlatformEditor (546)
[2025.01.17-01.51.47:957][ 64]LogModuleManager: Shutting down and abandoning module LuminRuntimeSettings (544)
[2025.01.17-01.51.47:957][ 64]LogModuleManager: Shutting down and abandoning module IOSRuntimeSettings (542)
[2025.01.17-01.51.47:957][ 64]LogModuleManager: Shutting down and abandoning module AndroidRuntimeSettings (540)
[2025.01.17-01.51.47:957][ 64]LogModuleManager: Shutting down and abandoning module TimeManagementEditor (538)
[2025.01.17-01.51.47:957][ 64]LogModuleManager: Shutting down and abandoning module InputBindingEditor (536)
[2025.01.17-01.51.47:957][ 64]LogModuleManager: Shutting down and abandoning module MergeActors (534)
[2025.01.17-01.51.47:958][ 64]LogModuleManager: Shutting down and abandoning module LocalizationDashboard (532)
[2025.01.17-01.51.47:958][ 64]LogModuleManager: Shutting down and abandoning module LocalizationService (531)
[2025.01.17-01.51.47:958][ 64]LogModuleManager: Shutting down and abandoning module HardwareTargeting (528)
[2025.01.17-01.51.47:958][ 64]LogModuleManager: Shutting down and abandoning module DeviceProfileEditor (526)
[2025.01.17-01.51.47:958][ 64]LogModuleManager: Shutting down and abandoning module UndoHistory (524)
[2025.01.17-01.51.47:958][ 64]LogModuleManager: Shutting down and abandoning module XmlParser (522)
[2025.01.17-01.51.47:958][ 64]LogModuleManager: Shutting down and abandoning module Blutility (520)
[2025.01.17-01.51.47:958][ 64]LogModuleManager: Shutting down and abandoning module ProjectSettingsViewer (518)
[2025.01.17-01.51.47:958][ 64]LogModuleManager: Shutting down and abandoning module ProjectTargetPlatformEditor (517)
[2025.01.17-01.51.47:958][ 64]LogModuleManager: Shutting down and abandoning module EditorSettingsViewer (514)
[2025.01.17-01.51.47:958][ 64]LogModuleManager: Shutting down and abandoning module SettingsEditor (512)
[2025.01.17-01.51.47:958][ 64]LogModuleManager: Shutting down and abandoning module ProjectLauncher (510)
[2025.01.17-01.51.47:958][ 64]LogModuleManager: Shutting down and abandoning module SessionFrontend (508)
[2025.01.17-01.51.47:958][ 64]LogModuleManager: Shutting down and abandoning module ProfilerClient (506)
[2025.01.17-01.51.47:958][ 64]LogModuleManager: Shutting down and abandoning module DeviceManager (504)
[2025.01.17-01.51.47:958][ 64]LogModuleManager: Shutting down and abandoning module TargetDeviceServices (503)
[2025.01.17-01.51.47:989][ 64]LogModuleManager: Shutting down and abandoning module AutomationController (500)
[2025.01.17-01.51.47:989][ 64]LogModuleManager: Shutting down and abandoning module AutomationWindow (498)
[2025.01.17-01.51.47:989][ 64]LogModuleManager: Shutting down and abandoning module Layers (496)
[2025.01.17-01.51.47:990][ 64]LogModuleManager: Shutting down and abandoning module ComponentVisualizers (494)
[2025.01.17-01.51.47:990][ 64]LogModuleManager: Shutting down and abandoning module DetailCustomizations (492)
[2025.01.17-01.51.47:990][ 64]LogModuleManager: Shutting down and abandoning module PackagesDialog (490)
[2025.01.17-01.51.47:990][ 64]LogModuleManager: Shutting down and abandoning module AnimationBlueprintEditor (488)
[2025.01.17-01.51.47:991][ 64]LogModuleManager: Shutting down and abandoning module Persona (486)
[2025.01.17-01.51.47:991][ 64]LogModuleManager: Shutting down and abandoning module AdvancedPreviewScene (485)
[2025.01.17-01.51.47:991][ 64]LogModuleManager: Shutting down and abandoning module AnimGraph (483)
[2025.01.17-01.51.47:991][ 64]LogModuleManager: Shutting down and abandoning module Kismet (480)
[2025.01.17-01.51.47:992][ 64]LogModuleManager: Shutting down and abandoning module KismetWidgets (479)
[2025.01.17-01.51.47:993][ 64]LogModuleManager: Shutting down and abandoning module GraphEditor (476)
[2025.01.17-01.51.47:993][ 64]LogModuleManager: Shutting down and abandoning module StructViewer (474)
[2025.01.17-01.51.47:993][ 64]LogModuleManager: Shutting down and abandoning module ClassViewer (472)
[2025.01.17-01.51.47:993][ 64]LogModuleManager: Shutting down and abandoning module Toolbox (470)
[2025.01.17-01.51.47:993][ 64]LogModuleManager: Shutting down and abandoning module ModuleUI (468)
[2025.01.17-01.51.47:993][ 64]LogModuleManager: Shutting down and abandoning module MovieSceneTools (466)
[2025.01.17-01.51.47:993][ 64]LogModuleManager: Shutting down and abandoning module OutputLog (464)
[2025.01.17-01.51.47:994][ 64]LogModuleManager: Shutting down and abandoning module GammaUI (462)
[2025.01.17-01.51.47:994][ 64]LogModuleManager: Shutting down and abandoning module Documentation (460)
[2025.01.17-01.51.47:994][ 64]LogModuleManager: Shutting down and abandoning module LiveCoding (458)
[2025.01.17-01.51.47:994][ 64]LogModuleManager: Shutting down and abandoning module LevelSequence (456)
[2025.01.17-01.51.47:994][ 64]LogModuleManager: Shutting down and abandoning module MovieSceneTracks (454)
[2025.01.17-01.51.47:994][ 64]LogModuleManager: Shutting down and abandoning module MovieScene (452)
[2025.01.17-01.51.47:994][ 64]LogModuleManager: Shutting down and abandoning module StreamingPauseRendering (450)
[2025.01.17-01.51.47:994][ 64]LogModuleManager: Shutting down and abandoning module LauncherPlatform (448)
[2025.01.17-01.51.47:994][ 64]LogModuleManager: Shutting down and abandoning module AnalyticsET (446)
[2025.01.17-01.51.47:994][ 64]LogModuleManager: Shutting down and abandoning module PortalServices (444)
[2025.01.17-01.51.47:994][ 64]LogModuleManager: Shutting down and abandoning module PortalRpc (442)
[2025.01.17-01.51.47:994][ 64]LogModuleManager: Shutting down and abandoning module MessagingRpc (440)
[2025.01.17-01.51.47:994][ 64]LogModuleManager: Shutting down and abandoning module AIModule (438)
[2025.01.17-01.51.47:994][ 64]LogModuleManager: Shutting down and abandoning module GameplayDebugger (437)
[2025.01.17-01.51.47:994][ 64]LogModuleManager: Shutting down and abandoning module AITestSuite (435)
[2025.01.17-01.51.47:994][ 64]LogModuleManager: Shutting down and abandoning module NavigationSystem (433)
[2025.01.17-01.51.47:994][ 64]LogModuleManager: Shutting down and abandoning module DesktopPlatform (430)
[2025.01.17-01.51.47:994][ 64]LogModuleManager: Shutting down and abandoning module ImageWriteQueue (428)
[2025.01.17-01.51.47:996][ 64]LogModuleManager: Shutting down and abandoning module ProfilerService (426)
[2025.01.17-01.51.48:229][ 64]LogModuleManager: Shutting down and abandoning module TaskGraph (424)
[2025.01.17-01.51.48:229][ 64]LogModuleManager: Shutting down and abandoning module ScreenshotTools (422)
[2025.01.17-01.51.48:229][ 64]LogModuleManager: Shutting down and abandoning module SteamVRController (420)
[2025.01.17-01.51.48:229][ 64]LogModuleManager: Shutting down and abandoning module ProceduralMeshComponentEditor (418)
[2025.01.17-01.51.48:229][ 64]LogModuleManager: Shutting down and abandoning module ProceduralMeshComponent (416)
[2025.01.17-01.51.48:229][ 64]LogModuleManager: Shutting down and abandoning module OculusEditor (414)
[2025.01.17-01.51.48:229][ 64]LogModuleManager: Shutting down and abandoning module OculusInput (412)
[2025.01.17-01.51.48:229][ 64]LogModuleManager: Shutting down and abandoning module MobilePatchingUtils (410)
[2025.01.17-01.51.48:229][ 64]LogModuleManager: Shutting down and abandoning module EditableMesh (408)
[2025.01.17-01.51.48:230][ 64]LogModuleManager: Shutting down and abandoning module CustomMeshComponent (406)
[2025.01.17-01.51.48:230][ 64]LogModuleManager: Shutting down and abandoning module CableComponent (404)
[2025.01.17-01.51.48:230][ 64]LogModuleManager: Shutting down and abandoning module AudioCapture (402)
[2025.01.17-01.51.48:230][ 64]LogModuleManager: Shutting down and abandoning module ArchVisCharacter (400)
[2025.01.17-01.51.48:230][ 64]LogModuleManager: Shutting down and abandoning module AppleImageUtilsBlueprintSupport (398)
[2025.01.17-01.51.48:230][ 64]LogModuleManager: Shutting down and abandoning module AppleImageUtils (396)
[2025.01.17-01.51.48:230][ 64]LogModuleManager: Shutting down and abandoning module AndroidPermission (394)
[2025.01.17-01.51.48:230][ 64]LogModuleManager: Shutting down and abandoning module NUTUnrealEngine4 (392)
[2025.01.17-01.51.48:230][ 64]LogModuleManager: Shutting down and abandoning module NetcodeUnitTest (390)
[2025.01.17-01.51.48:230][ 64]LogModuleManager: Shutting down and abandoning module MediaCompositing (388)
[2025.01.17-01.51.48:230][ 64]LogModuleManager: Shutting down and abandoning module ImgMedia (386)
[2025.01.17-01.51.48:230][ 64]LogModuleManager: Shutting down and abandoning module MagicLeapHelperVulkan (384)
[2025.01.17-01.51.48:230][ 64]LogModuleManager: Shutting down and abandoning module MagicLeapHelperOpenGL (382)
[2025.01.17-01.51.48:230][ 64]LogModuleManager: Shutting down and abandoning module MagicLeapAudio (380)
[2025.01.17-01.51.48:230][ 64]LogModuleManager: Shutting down and abandoning module HTML5Networking (378)
[2025.01.17-01.51.48:230][ 64]LogModuleManager: Shutting down and abandoning module GeometryCacheTracks (376)
[2025.01.17-01.51.48:230][ 64]LogModuleManager: Shutting down and abandoning module GeometryCacheSequencer (374)
[2025.01.17-01.51.48:230][ 64]LogModuleManager: Shutting down and abandoning module BackChannel (372)
[2025.01.17-01.51.48:230][ 64]LogModuleManager: Shutting down and abandoning module AutomationUtilsEditor (370)
[2025.01.17-01.51.48:230][ 64]LogModuleManager: Shutting down and abandoning module AutomationUtils (368)
[2025.01.17-01.51.48:230][ 64]LogModuleManager: Shutting down and abandoning module AlembicImporter (366)
[2025.01.17-01.51.48:230][ 64]LogModuleManager: Shutting down and abandoning module AlembicLibrary (365)
[2025.01.17-01.51.48:230][ 64]LogModuleManager: Shutting down and abandoning module GeometryCache (364)
[2025.01.17-01.51.48:230][ 64]LogModuleManager: Shutting down and abandoning module GeometryCacheEd (363)
[2025.01.17-01.51.48:230][ 64]LogModuleManager: Shutting down and abandoning module VariantManagerContent (358)
[2025.01.17-01.51.48:230][ 64]LogModuleManager: Shutting down and abandoning module DatasmithContentEditor (356)
[2025.01.17-01.51.48:230][ 64]LogModuleManager: Shutting down and abandoning module SpeedTreeImporter (354)
[2025.01.17-01.51.48:230][ 64]LogModuleManager: Shutting down and abandoning module PluginBrowser (352)
[2025.01.17-01.51.48:230][ 64]LogModuleManager: Shutting down and abandoning module MobileLauncherProfileWizard (350)
[2025.01.17-01.51.48:230][ 64]LogModuleManager: Shutting down and abandoning module MaterialAnalyzer (348)
[2025.01.17-01.51.48:230][ 64]LogModuleManager: Shutting down and abandoning module CurveEditorTools (346)
[2025.01.17-01.51.48:230][ 64]LogModuleManager: Shutting down and abandoning module CurveEditor (345)
[2025.01.17-01.51.48:231][ 64]LogModuleManager: Shutting down and abandoning module CryptoKeysOpenSSL (342)
[2025.01.17-01.51.48:231][ 64]LogModuleManager: Shutting down and abandoning module CryptoKeys (340)
[2025.01.17-01.51.48:231][ 64]LogModuleManager: Shutting down and abandoning module VisualStudioSourceCodeAccess (338)
[2025.01.17-01.51.48:231][ 64]LogModuleManager: Shutting down and abandoning module VisualStudioCodeSourceCodeAccess (336)
[2025.01.17-01.51.48:231][ 64]LogModuleManager: Shutting down and abandoning module UObjectPlugin (334)
[2025.01.17-01.51.48:231][ 64]LogModuleManager: Shutting down and abandoning module SubversionSourceControl (332)
[2025.01.17-01.51.48:231][ 64]LogModuleManager: Shutting down and abandoning module PerforceSourceControl (330)
[2025.01.17-01.51.48:231][ 64]LogModuleManager: Shutting down and abandoning module GitSourceControl (328)
[2025.01.17-01.51.48:231][ 64]LogModuleManager: Shutting down and abandoning module SourceControl (327)
[2025.01.17-01.51.48:231][ 64]LogModuleManager: Shutting down and abandoning module CLionSourceCodeAccess (324)
[2025.01.17-01.51.48:231][ 64]LogModuleManager: Shutting down and abandoning module AnimationSharingEd (322)
[2025.01.17-01.51.48:231][ 64]LogModuleManager: Shutting down and abandoning module ActorLayerUtilitiesEditor (320)
[2025.01.17-01.51.48:231][ 64]LogModuleManager: Shutting down and abandoning module ActorLayerUtilities (318)
[2025.01.17-01.51.48:231][ 64]LogModuleManager: Shutting down and abandoning module LightPropagationVolumeEditor (316)
[2025.01.17-01.51.48:231][ 64]LogModuleManager: Shutting down and abandoning module PaperTiledImporter (314)
[2025.01.17-01.51.48:231][ 64]LogModuleManager: Shutting down and abandoning module PaperSpriteSheetImporter (312)
[2025.01.17-01.51.48:231][ 64]LogModuleManager: Shutting down and abandoning module Paper2DEditor (310)
[2025.01.17-01.51.48:232][ 64]LogModuleManager: Shutting down and abandoning module SignificanceManager (308)
[2025.01.17-01.51.48:232][ 64]LogModuleManager: Shutting down and abandoning module RuntimePhysXCooking (306)
[2025.01.17-01.51.48:232][ 64]LogModuleManager: Shutting down and abandoning module PhysXVehiclesEditor (304)
[2025.01.17-01.51.48:232][ 64]LogModuleManager: Shutting down and abandoning module LocationServicesBPLibrary (300)
[2025.01.17-01.51.48:232][ 64]LogModuleManager: Shutting down and abandoning module ActorSequence (298)
[2025.01.17-01.51.48:232][ 64]LogModuleManager: Shutting down and abandoning module UdpMessaging (296)
[2025.01.17-01.51.48:333][ 64]LogModuleManager: Shutting down and abandoning module TcpMessaging (294)
[2025.01.17-01.51.48:434][ 64]LogModuleManager: Shutting down and abandoning module MagicLeapIdentity (292)
[2025.01.17-01.51.48:434][ 64]LogModuleManager: Shutting down and abandoning module MagicLeapSecureStorage (290)
[2025.01.17-01.51.48:434][ 64]LogModuleManager: Shutting down and abandoning module MagicLeapHandTracking (288)
[2025.01.17-01.51.48:434][ 64]LogModuleManager: Shutting down and abandoning module MagicLeapEyeTracker (286)
[2025.01.17-01.51.48:434][ 64]LogModuleManager: Shutting down and abandoning module MagicLeapController (284)
[2025.01.17-01.51.48:434][ 64]LogSlate: Slate User Destroyed.  User Index 0, Is Virtual User: 0
[2025.01.17-01.51.48:434][ 64]LogModuleManager: Shutting down and abandoning module MagicLeapAR (282)
[2025.01.17-01.51.48:434][ 64]LogModuleManager: Shutting down and abandoning module AugmentedReality (281)
[2025.01.17-01.51.48:434][ 64]LogModuleManager: Shutting down and abandoning module GameplayTagsEditor (278)
[2025.01.17-01.51.48:434][ 64]LogModuleManager: Shutting down and abandoning module FacialAnimationEditor (276)
[2025.01.17-01.51.48:434][ 64]LogModuleManager: Shutting down and abandoning module FacialAnimation (274)
[2025.01.17-01.51.48:434][ 64]LogModuleManager: Shutting down and abandoning module DataValidation (272)
[2025.01.17-01.51.48:434][ 64]LogModuleManager: Shutting down and abandoning module AssetManagerEditor (270)
[2025.01.17-01.51.48:434][ 64]LogModuleManager: Shutting down and abandoning module LevelEditor (269)
[2025.01.17-01.51.48:435][ 64]LogModuleManager: Shutting down and abandoning module PixelInspectorModule (268)
[2025.01.17-01.51.48:435][ 64]LogModuleManager: Shutting down and abandoning module CommonMenuExtensions (266)
[2025.01.17-01.51.48:435][ 64]LogModuleManager: Shutting down and abandoning module MainFrame (264)
[2025.01.17-01.51.48:435][ 64]LogModuleManager: Shutting down and abandoning module HotReload (263)
[2025.01.17-01.51.48:435][ 64]LogModuleManager: Shutting down and abandoning module ContentBrowser (259)
[2025.01.17-01.51.48:436][ 64]LogModuleManager: Shutting down and abandoning module TreeMap (257)
[2025.01.17-01.51.48:436][ 64]LogModuleManager: Shutting down and abandoning module AnimationSharing (254)
[2025.01.17-01.51.48:436][ 64]LogModuleManager: Shutting down and abandoning module LightPropagationVolumeRuntime (252)
[2025.01.17-01.51.48:436][ 64]LogModuleManager: Shutting down and abandoning module Paper2D (250)
[2025.01.17-01.51.48:436][ 64]LogModuleManager: Shutting down and abandoning module WindowsMoviePlayer (248)
[2025.01.17-01.51.48:437][ 64]LogModuleManager: Shutting down and abandoning module WebMMoviePlayer (246)
[2025.01.17-01.51.48:437][ 64]LogModuleManager: Shutting down and abandoning module NetworkReplayStreaming (244)
[2025.01.17-01.51.48:437][ 64]LogModuleManager: Shutting down and abandoning module PacketHandler (242)
[2025.01.17-01.51.48:437][ 64]LogModuleManager: Shutting down and abandoning module ClothingSystemEditor (240)
[2025.01.17-01.51.48:437][ 64]LogModuleManager: Shutting down and abandoning module ClothingSystemRuntime (238)
[2025.01.17-01.51.48:437][ 64]LogModuleManager: Shutting down and abandoning module MediaAssets (236)
[2025.01.17-01.51.48:437][ 64]LogModuleManager: Shutting down and abandoning module Overlay (234)
[2025.01.17-01.51.48:437][ 64]LogModuleManager: Shutting down and abandoning module OverlayEditor (233)
[2025.01.17-01.51.48:437][ 64]LogModuleManager: Shutting down and abandoning module VREditor (230)
[2025.01.17-01.51.48:438][ 64]LogModuleManager: Shutting down and abandoning module StringTableEditor (228)
[2025.01.17-01.51.48:438][ 64]LogModuleManager: Shutting down and abandoning module GameplayTasksEditor (226)
[2025.01.17-01.51.48:438][ 64]LogModuleManager: Shutting down and abandoning module BehaviorTreeEditor (224)
[2025.01.17-01.51.48:438][ 64]LogModuleManager: Shutting down and abandoning module FunctionalTesting (222)
[2025.01.17-01.51.48:438][ 64]LogModuleManager: Shutting down and abandoning module CollisionAnalyzer (220)
[2025.01.17-01.51.48:438][ 64]LogModuleManager: Shutting down and abandoning module WorkspaceMenuStructure (219)
[2025.01.17-01.51.48:438][ 64]LogModuleManager: Shutting down and abandoning module UMG (216)
[2025.01.17-01.51.48:439][ 64]LogModuleManager: Shutting down and abandoning module UMGEditor (215)
[2025.01.17-01.51.48:439][ 64]LogModuleManager: Shutting down and abandoning module Sequencer (214)
[2025.01.17-01.51.48:439][ 64]LogModuleManager: Shutting down and abandoning module MessageLog (211)
[2025.01.17-01.51.48:439][ 64]LogModuleManager: Shutting down and abandoning module SlateReflector (206)
[2025.01.17-01.51.48:439][ 64]LogModuleManager: Shutting down and abandoning module Slate (204)
[2025.01.17-01.51.48:439][ 64]LogModuleManager: Shutting down and abandoning module LandscapeEditorUtilities (202)
[2025.01.17-01.51.48:439][ 64]LogModuleManager: Shutting down and abandoning module EditorStyle (200)
[2025.01.17-01.51.48:440][ 64]LogModuleManager: Shutting down and abandoning module UnrealEd (198)
[2025.01.17-01.51.48:440][ 64]LogModuleManager: Shutting down and abandoning module MRMesh (196)
[2025.01.17-01.51.48:440][ 64]LogModuleManager: Shutting down and abandoning module SourceCodeAccess (194)
[2025.01.17-01.51.48:440][ 64]LogModuleManager: Shutting down and abandoning module HeadMountedDisplay (192)
[2025.01.17-01.51.48:440][ 64]LogModuleManager: Shutting down and abandoning module XAudio2 (190)
[2025.01.17-01.51.48:440][ 64]LogModuleManager: Shutting down and abandoning module Networking (188)
[2025.01.17-01.51.48:440][ 64]LogModuleManager: Shutting down and abandoning module Core (186)
[2025.01.17-01.51.48:440][ 64]LogModuleManager: Shutting down and abandoning module KismetCompiler (184)
[2025.01.17-01.51.48:440][ 64]LogModuleManager: Shutting down and abandoning module MeshUtilities (182)
[2025.01.17-01.51.48:440][ 64]LogModuleManager: Shutting down and abandoning module MeshMergeUtilities (181)
[2025.01.17-01.51.48:440][ 64]LogModuleManager: Shutting down and abandoning module MeshReductionInterface (180)
[2025.01.17-01.51.48:440][ 64]LogModuleManager: Shutting down and abandoning module SkeletalMeshReduction (179)
[2025.01.17-01.51.48:440][ 64]LogModuleManager: Shutting down and abandoning module ProxyLODMeshReduction (177)
[2025.01.17-01.51.48:441][ 64]LogModuleManager: Shutting down and abandoning module QuadricMeshReduction (175)
[2025.01.17-01.51.48:441][ 64]LogModuleManager: Shutting down and abandoning module MaterialBaking (171)
[2025.01.17-01.51.48:441][ 64]LogModuleManager: Shutting down and abandoning module NullInstallBundleManager (166)
[2025.01.17-01.51.48:441][ 64]LogModuleManager: Shutting down and abandoning module DerivedDataCache (164)
[2025.01.17-01.51.48:468][ 64]LogDerivedDataCache: Shutdown
[2025.01.17-01.51.48:468][ 64]LogModuleManager: Shutting down and abandoning module XGEController (162)
[2025.01.17-01.51.48:468][ 64]LogXGEController: Cleaning working directory: C:/Users/LaiLaisGaming/AppData/Local/Temp/UnrealXGEWorkingDir/
[2025.01.17-01.51.48:468][ 64]LogModuleManager: Shutting down and abandoning module TargetPlatform (160)
[2025.01.17-01.51.48:468][ 64]LogModuleManager: Shutting down and abandoning module VulkanShaderFormat (159)
[2025.01.17-01.51.48:468][ 64]LogModuleManager: Shutting down and abandoning module ShaderFormatVectorVM (157)
[2025.01.17-01.51.48:468][ 64]LogModuleManager: Shutting down and abandoning module ShaderFormatOpenGL (155)
[2025.01.17-01.51.48:469][ 64]LogModuleManager: Shutting down and abandoning module ShaderFormatD3D (153)
[2025.01.17-01.51.48:469][ 64]LogModuleManager: Shutting down and abandoning module MetalShaderFormat (151)
[2025.01.17-01.51.48:469][ 64]LogModuleManager: Shutting down and abandoning module TextureFormatUncompressed (149)
[2025.01.17-01.51.48:469][ 64]LogModuleManager: Shutting down and abandoning module TextureFormatPVR (147)
[2025.01.17-01.51.48:469][ 64]LogModuleManager: Shutting down and abandoning module TextureFormatDXT (145)
[2025.01.17-01.51.48:469][ 64]LogModuleManager: Shutting down and abandoning module TextureFormatIntelISPCTexComp (143)
[2025.01.17-01.51.48:469][ 64]LogModuleManager: Shutting down and abandoning module TextureFormatASTC (141)
[2025.01.17-01.51.48:469][ 64]LogModuleManager: Shutting down and abandoning module ImageWrapper (140)
[2025.01.17-01.51.48:469][ 64]LogModuleManager: Shutting down and abandoning module TextureFormatAndroid (137)
[2025.01.17-01.51.48:469][ 64]LogModuleManager: Shutting down and abandoning module AudioFormatOpus (135)
[2025.01.17-01.51.48:469][ 64]LogModuleManager: Shutting down and abandoning module AudioFormatOgg (133)
[2025.01.17-01.51.48:469][ 64]LogModuleManager: Shutting down and abandoning module AudioFormatADPCM (131)
[2025.01.17-01.51.48:469][ 64]LogModuleManager: Shutting down and abandoning module LuminTargetPlatform (129)
[2025.01.17-01.51.48:470][ 64]LogModuleManager: Shutting down and abandoning module LinuxTargetPlatform (127)
[2025.01.17-01.51.48:470][ 64]LogModuleManager: Shutting down and abandoning module LinuxServerTargetPlatform (125)
[2025.01.17-01.51.48:470][ 64]LogModuleManager: Shutting down and abandoning module LinuxNoEditorTargetPlatform (123)
[2025.01.17-01.51.48:470][ 64]LogModuleManager: Shutting down and abandoning module LinuxClientTargetPlatform (121)
[2025.01.17-01.51.48:470][ 64]LogModuleManager: Shutting down and abandoning module TVOSTargetPlatform (119)
[2025.01.17-01.51.48:470][ 64]LogModuleManager: Shutting down and abandoning module Messaging (117)
[2025.01.17-01.51.48:470][ 64]LogModuleManager: Shutting down and abandoning module IOSTargetPlatform (115)
[2025.01.17-01.51.48:471][ 64]LogModuleManager: Shutting down and abandoning module HTML5TargetPlatform (113)
[2025.01.17-01.51.48:471][ 64]LogModuleManager: Shutting down and abandoning module AndroidTargetPlatform (111)
[2025.01.17-01.51.48:474][ 64]LogModuleManager: Shutting down and abandoning module WindowsTargetPlatform (109)
[2025.01.17-01.51.48:474][ 64]LogModuleManager: Shutting down and abandoning module WindowsServerTargetPlatform (107)
[2025.01.17-01.51.48:474][ 64]LogModuleManager: Shutting down and abandoning module WindowsNoEditorTargetPlatform (105)
[2025.01.17-01.51.48:474][ 64]LogModuleManager: Shutting down and abandoning module WindowsClientTargetPlatform (103)
[2025.01.17-01.51.48:474][ 64]LogModuleManager: Shutting down and abandoning module MacTargetPlatform (101)
[2025.01.17-01.51.48:474][ 64]LogModuleManager: Shutting down and abandoning module MacServerTargetPlatform (99)
[2025.01.17-01.51.48:474][ 64]LogModuleManager: Shutting down and abandoning module MacNoEditorTargetPlatform (97)
[2025.01.17-01.51.48:474][ 64]LogModuleManager: Shutting down and abandoning module MacClientTargetPlatform (95)
[2025.01.17-01.51.48:474][ 64]LogModuleManager: Shutting down and abandoning module AllDesktopTargetPlatform (93)
[2025.01.17-01.51.48:474][ 64]LogModuleManager: Shutting down and abandoning module InputCore (90)
[2025.01.17-01.51.48:474][ 64]LogModuleManager: Shutting down and abandoning module Settings (88)
[2025.01.17-01.51.48:474][ 64]LogModuleManager: Shutting down and abandoning module DirectoryWatcher (86)
[2025.01.17-01.51.48:475][ 64]LogModuleManager: Shutting down and abandoning module PhysXCooking (84)
[2025.01.17-01.51.48:475][ 64]LogModuleManager: Shutting down and abandoning module WindowsPlatformFeatures (82)
[2025.01.17-01.51.48:475][ 64]LogModuleManager: Shutting down and abandoning module GameplayMediaEncoder (81)
[2025.01.17-01.51.48:475][ 64]LogModuleManager: Shutting down and abandoning module SteamVR (78)
[2025.01.17-01.51.48:475][ 64]LogHMD: Freeing OpenVRDLLHandle.
[2025.01.17-01.51.48:475][ 64]LogModuleManager: Shutting down and abandoning module OculusHMD (76)
[2025.01.17-01.51.48:475][ 64]LogModuleManager: Shutting down and abandoning module ExampleDeviceProfileSelector (74)
[2025.01.17-01.51.48:475][ 64]LogModuleManager: Shutting down and abandoning module LauncherChunkInstaller (72)
[2025.01.17-01.51.48:475][ 64]LogModuleManager: Shutting down and abandoning module OnlineBlueprintSupport (70)
[2025.01.17-01.51.48:475][ 64]LogModuleManager: Shutting down and abandoning module OnlineSubsystem (66)
[2025.01.17-01.51.48:475][ 64]LogModuleManager: Shutting down and abandoning module XMPP (61)
[2025.01.17-01.51.48:476][ 64]LogModuleManager: Shutting down and abandoning module WebSockets (60)
[2025.01.17-01.51.48:478][ 64]LogModuleManager: Shutting down and abandoning module HTTP (57)
[2025.01.17-01.51.48:478][ 64]LogHttp: Display: Http module shutting down, but needs to wait on 1 outstanding Http requests:
[2025.01.17-01.51.48:478][ 64]LogHttp: Display: 	verb=[POST] url=[https://datarouter.ol.epicgames.com/datarouter/api/v1/public/data?SessionID=%7B2ABE97B2-4EFE-0A06-7A30-79B2D923E39A%7D&AppID=UEEditor.Rocket.Release&AppVersion=4.23.1-9631420%2B%2B%2BUE4%2BRelease-4.23&UserID=b8ed369a4bf751ad5f384995684aa743%7C82594fa8a91c4bfa9b67ebe5ce626a65%7Cb59ea009-629a-46be-bfbc-ecb9c3a6e188&AppEnvironment=datacollector-binary&UploadType=eteventstream] status=Processing
[2025.01.17-01.51.48:488][ 64]LogModuleManager: Shutting down and abandoning module SSL (56)
[2025.01.17-01.51.48:489][ 64]LogModuleManager: Shutting down and abandoning module WmfMedia (52)
[2025.01.17-01.51.48:491][ 64]LogModuleManager: Shutting down and abandoning module Media (51)
[2025.01.17-01.51.48:491][ 64]LogModuleManager: Shutting down and abandoning module MagicLeap (48)
[2025.01.17-01.51.48:491][ 64]LogModuleManager: Shutting down and abandoning module DatasmithContent (46)
[2025.01.17-01.51.48:491][ 64]LogModuleManager: Shutting down and abandoning module AISupportModule (44)
[2025.01.17-01.51.48:491][ 64]LogModuleManager: Shutting down and abandoning module PlatformCryptoOpenSSL (42)
[2025.01.17-01.51.48:491][ 64]LogModuleManager: Shutting down and abandoning module PlatformCrypto (40)
[2025.01.17-01.51.48:491][ 64]LogModuleManager: Shutting down and abandoning module AnimationModifiers (38)
[2025.01.17-01.51.48:491][ 64]LogModuleManager: Shutting down and abandoning module PropertyEditor (37)
[2025.01.17-01.51.48:491][ 64]LogModuleManager: Shutting down and abandoning module AudioEditor (34)
[2025.01.17-01.51.48:492][ 64]LogModuleManager: Shutting down and abandoning module TextureCompressor (32)
[2025.01.17-01.51.48:492][ 64]LogModuleManager: Shutting down and abandoning module RenderCore (30)
[2025.01.17-01.51.48:492][ 64]LogModuleManager: Shutting down and abandoning module Landscape (28)
[2025.01.17-01.51.48:492][ 64]LogModuleManager: Shutting down and abandoning module SlateRHIRenderer (26)
[2025.01.17-01.51.48:492][ 64]LogModuleManager: Shutting down and abandoning module OpenGLDrv (24)
[2025.01.17-01.51.48:493][ 64]LogModuleManager: Shutting down and abandoning module D3D11RHI (22)
[2025.01.17-01.51.48:493][ 64]LogModuleManager: Shutting down and abandoning module AnimGraphRuntime (20)
[2025.01.17-01.51.48:493][ 64]LogModuleManager: Shutting down and abandoning module Renderer (18)
[2025.01.17-01.51.48:493][ 64]LogModuleManager: Shutting down and abandoning module Engine (16)
[2025.01.17-01.51.48:493][ 64]LogModuleManager: Shutting down and abandoning module CoreUObject (14)
[2025.01.17-01.51.48:493][ 64]LogModuleManager: Shutting down and abandoning module NetworkFile (12)
[2025.01.17-01.51.48:493][ 64]LogModuleManager: Shutting down and abandoning module CookedIterativeFile (10)
[2025.01.17-01.51.48:493][ 64]LogModuleManager: Shutting down and abandoning module StreamingFile (8)
[2025.01.17-01.51.48:493][ 64]LogModuleManager: Shutting down and abandoning module SandboxFile (6)
[2025.01.17-01.51.48:493][ 64]LogModuleManager: Shutting down and abandoning module PakFile (4)
[2025.01.17-01.51.48:493][ 64]LogModuleManager: Shutting down and abandoning module RSA (3)
[2025.01.17-01.51.48:496][ 64]LogD3D11RHI: Shutdown
[2025.01.17-01.51.48:496][ 64]LogD3D11RHI: CleanupD3DDevice
[2025.01.17-01.51.48:496][ 64]LogRendererCore: FGlobalDynamicReadBuffer::Cleanup()
[2025.01.17-01.51.48:496][ 64]LogRendererCore: FGlobalDynamicReadBuffer::Cleanup()
[2025.01.17-01.51.48:496][ 64]LogRendererCore: FGlobalDynamicReadBuffer::Cleanup()
[2025.01.17-01.51.48:575][ 64]LogD3D11RHI: ~FD3D11DynamicRHI
[2025.01.17-01.51.48:589][ 64]LogExit: Exiting.
[2025.01.17-01.51.48:595][ 64]Log file closed, 01/16/25 17:51:48
